[lidar_transfer_manager.py:780:main]INFO: MULHACEN RAW TO 0A MANAGER
[lidar_transfer_manager.py:781:main]INFO: [20220222_023001] Start Main
[lidar_transfer_manager.py:383:transfer_measurement]INFO: [20220222_023001] Start Transfer. RS
[lidar_transfer_manager.py:245:create_folder]INFO: Creating Directory c:\datos\VELETA\0a\2022\02\21\RS_20220221_2300...
[lidar_transfer_manager.py:257:create_folder]INFO: Directory Created c:\datos\VELETA\0a\2022\02\21\RS_20220221_2300.
[lidar_transfer_manager.py:245:create_folder]INFO: Creating Directory c:\Lidar_Data\bkp\2022\02\21\RS_20220221_2300...
[lidar_transfer_manager.py:257:create_folder]INFO: Directory Created c:\Lidar_Data\bkp\2022\02\21\RS_20220221_2300.
[lidar_transfer_manager.py:308:copy_files_to_folder]INFO: Copying Files C:\Lidar_Data\RAWS\RS03\datalog.dat [...] C:\Lidar_Data\RAWS\RS03\temp.dat to Directory: c:\datos\VELETA\0a\2022\02\21\RS_20220221_2300...
[lidar_transfer_manager.py:330:copy_files_to_folder]INFO: Files copied to c:\datos\VELETA\0a\2022\02\21\RS_20220221_2300.
[lidar_transfer_manager.py:308:copy_files_to_folder]INFO: Copying Files C:\Lidar_Data\RAWS\RS03\R2222123.003526 [...] C:\Lidar_Data\RAWS\RS03\R2222202.294248 to Directory: c:\datos\VELETA\0a\2022\02\21\RS_20220221_2300...
[lidar_transfer_manager.py:330:copy_files_to_folder]INFO: Files copied to c:\datos\VELETA\0a\2022\02\21\RS_20220221_2300.
[lidar_transfer_manager.py:308:copy_files_to_folder]INFO: Copying Files C:\Lidar_Data\RAWS\RS03\R2222123.003526 [...] C:\Lidar_Data\RAWS\RS03\R2222202.294248 to Directory: c:\Lidar_Data\bkp\2022\02\21\RS_20220221_2300...
[lidar_transfer_manager.py:330:copy_files_to_folder]INFO: Files copied to c:\Lidar_Data\bkp\2022\02\21\RS_20220221_2300.
[lidar_transfer_manager.py:245:create_folder]INFO: Creating Directory c:\datos\VELETA\0a\2022\02\21\DC_20220221_2300...
[lidar_transfer_manager.py:257:create_folder]INFO: Directory Created c:\datos\VELETA\0a\2022\02\21\DC_20220221_2300.
[lidar_transfer_manager.py:245:create_folder]INFO: Creating Directory c:\Lidar_Data\bkp\2022\02\21\DC_20220221_2300...
[lidar_transfer_manager.py:257:create_folder]INFO: Directory Created c:\Lidar_Data\bkp\2022\02\21\DC_20220221_2300.
[lidar_transfer_manager.py:308:copy_files_to_folder]INFO: Copying Files C:\Lidar_Data\RAWS\DC03\R2222118.515751 [...] C:\Lidar_Data\RAWS\DC03\R2222119.010208 to Directory: c:\datos\VELETA\0a\2022\02\21\DC_20220221_2300...
[lidar_transfer_manager.py:330:copy_files_to_folder]INFO: Files copied to c:\datos\VELETA\0a\2022\02\21\DC_20220221_2300.
[lidar_transfer_manager.py:308:copy_files_to_folder]INFO: Copying Files C:\Lidar_Data\RAWS\DC03\R2222118.515751 [...] C:\Lidar_Data\RAWS\DC03\R2222119.010208 to Directory: c:\Lidar_Data\bkp\2022\02\21\DC_20220221_2300...
[lidar_transfer_manager.py:330:copy_files_to_folder]INFO: Files copied to c:\Lidar_Data\bkp\2022\02\21\DC_20220221_2300.
[lidar_transfer_manager.py:513:transfer_measurement]INFO: Measurement RS03 Still Active
[lidar_transfer_manager.py:526:transfer_measurement]INFO: [20220222_023002] End Transfer. RS
[lidar_transfer_manager.py:786:main]INFO: [20220222_023002] End Main
