[lidar_transfer_manager.py:780:main]INFO: MULHACEN RAW TO 0A MANAGER
[lidar_transfer_manager.py:781:main]INFO: [20220221_193001] Start Main
[lidar_transfer_manager.py:383:transfer_measurement]INFO: [20220221_193001] Start Transfer. RS
[lidar_transfer_manager.py:520:transfer_measurement]WARNING: Files for RS not found. Check Manually
[lidar_transfer_manager.py:526:transfer_measurement]INFO: [20220221_193001] End Transfer. RS
[lidar_transfer_manager.py:383:transfer_measurement]INFO: [20220221_193001] Start Transfer. DP
[lidar_transfer_manager.py:245:create_folder]INFO: Creating Directory c:\datos\VELETA\0a\2022\02\21\DP_20220221_1912...
[lidar_transfer_manager.py:257:create_folder]INFO: Directory Created c:\datos\VELETA\0a\2022\02\21\DP_20220221_1912.
[lidar_transfer_manager.py:245:create_folder]INFO: Creating Directory c:\Lidar_Data\bkp\2022\02\21\DP_20220221_1912...
[lidar_transfer_manager.py:257:create_folder]INFO: Directory Created c:\Lidar_Data\bkp\2022\02\21\DP_20220221_1912.
[lidar_transfer_manager.py:308:copy_files_to_folder]INFO: Copying Files C:\Lidar_Data\RAWS\DP03\N45\datalog.dat [...] C:\Lidar_Data\RAWS\DP03\P45\temp.dat to Directory: c:\datos\VELETA\0a\2022\02\21\DP_20220221_1912...
[lidar_transfer_manager.py:330:copy_files_to_folder]INFO: Files copied to c:\datos\VELETA\0a\2022\02\21\DP_20220221_1912.
[lidar_transfer_manager.py:245:create_folder]INFO: Creating Directory c:\datos\VELETA\0a\2022\02\21\DP_20220221_1912\N45...
[lidar_transfer_manager.py:257:create_folder]INFO: Directory Created c:\datos\VELETA\0a\2022\02\21\DP_20220221_1912\N45.
[lidar_transfer_manager.py:245:create_folder]INFO: Creating Directory c:\Lidar_Data\bkp\2022\02\21\DP_20220221_1912\N45...
[lidar_transfer_manager.py:257:create_folder]INFO: Directory Created c:\Lidar_Data\bkp\2022\02\21\DP_20220221_1912\N45.
[lidar_transfer_manager.py:308:copy_files_to_folder]INFO: Copying Files C:\Lidar_Data\RAWS\DP03\N45\R2222119.210883 [...] C:\Lidar_Data\RAWS\DP03\N45\R2222119.251027 to Directory: c:\datos\VELETA\0a\2022\02\21\DP_20220221_1912\N45...
[lidar_transfer_manager.py:330:copy_files_to_folder]INFO: Files copied to c:\datos\VELETA\0a\2022\02\21\DP_20220221_1912\N45.
[lidar_transfer_manager.py:308:copy_files_to_folder]INFO: Copying Files C:\Lidar_Data\RAWS\DP03\N45\R2222119.210883 [...] C:\Lidar_Data\RAWS\DP03\N45\R2222119.251027 to Directory: c:\Lidar_Data\bkp\2022\02\21\DP_20220221_1912\N45...
[lidar_transfer_manager.py:330:copy_files_to_folder]INFO: Files copied to c:\Lidar_Data\bkp\2022\02\21\DP_20220221_1912\N45.
[lidar_transfer_manager.py:245:create_folder]INFO: Creating Directory c:\datos\VELETA\0a\2022\02\21\DP_20220221_1912\P45...
[lidar_transfer_manager.py:257:create_folder]INFO: Directory Created c:\datos\VELETA\0a\2022\02\21\DP_20220221_1912\P45.
[lidar_transfer_manager.py:245:create_folder]INFO: Creating Directory c:\Lidar_Data\bkp\2022\02\21\DP_20220221_1912\P45...
[lidar_transfer_manager.py:257:create_folder]INFO: Directory Created c:\Lidar_Data\bkp\2022\02\21\DP_20220221_1912\P45.
[lidar_transfer_manager.py:308:copy_files_to_folder]INFO: Copying Files C:\Lidar_Data\RAWS\DP03\P45\R2222119.123531 [...] C:\Lidar_Data\RAWS\DP03\P45\R2222119.163878 to Directory: c:\datos\VELETA\0a\2022\02\21\DP_20220221_1912\P45...
[lidar_transfer_manager.py:330:copy_files_to_folder]INFO: Files copied to c:\datos\VELETA\0a\2022\02\21\DP_20220221_1912\P45.
[lidar_transfer_manager.py:308:copy_files_to_folder]INFO: Copying Files C:\Lidar_Data\RAWS\DP03\P45\R2222119.123531 [...] C:\Lidar_Data\RAWS\DP03\P45\R2222119.163878 to Directory: c:\Lidar_Data\bkp\2022\02\21\DP_20220221_1912\P45...
[lidar_transfer_manager.py:330:copy_files_to_folder]INFO: Files copied to c:\Lidar_Data\bkp\2022\02\21\DP_20220221_1912\P45.
[lidar_transfer_manager.py:245:create_folder]INFO: Creating Directory c:\datos\VELETA\0a\2022\02\21\DC_20220221_1912...
[lidar_transfer_manager.py:257:create_folder]INFO: Directory Created c:\datos\VELETA\0a\2022\02\21\DC_20220221_1912.
[lidar_transfer_manager.py:245:create_folder]INFO: Creating Directory c:\Lidar_Data\bkp\2022\02\21\DC_20220221_1912...
[lidar_transfer_manager.py:257:create_folder]INFO: Directory Created c:\Lidar_Data\bkp\2022\02\21\DC_20220221_1912.
[lidar_transfer_manager.py:308:copy_files_to_folder]INFO: Copying Files C:\Lidar_Data\RAWS\DC03\R2222118.515751 [...] C:\Lidar_Data\RAWS\DC03\R2222119.010208 to Directory: c:\datos\VELETA\0a\2022\02\21\DC_20220221_1912...
[lidar_transfer_manager.py:330:copy_files_to_folder]INFO: Files copied to c:\datos\VELETA\0a\2022\02\21\DC_20220221_1912.
[lidar_transfer_manager.py:308:copy_files_to_folder]INFO: Copying Files C:\Lidar_Data\RAWS\DC03\R2222118.515751 [...] C:\Lidar_Data\RAWS\DC03\R2222119.010208 to Directory: c:\Lidar_Data\bkp\2022\02\21\DC_20220221_1912...
[lidar_transfer_manager.py:330:copy_files_to_folder]INFO: Files copied to c:\Lidar_Data\bkp\2022\02\21\DC_20220221_1912.
[lidar_transfer_manager.py:513:transfer_measurement]INFO: Measurement DP03 Still Active
[lidar_transfer_manager.py:526:transfer_measurement]INFO: [20220221_193001] End Transfer. DP
[lidar_transfer_manager.py:383:transfer_measurement]INFO: [20220221_193001] Start Transfer. TC
[lidar_transfer_manager.py:520:transfer_measurement]WARNING: Files for TC not found. Check Manually
[lidar_transfer_manager.py:526:transfer_measurement]INFO: [20220221_193001] End Transfer. TC
[lidar_transfer_manager.py:786:main]INFO: [20220221_193001] End Main
