[lidar_transfer_manager.py:780:main]INFO: MULHACEN RAW TO 0A MANAGER
[lidar_transfer_manager.py:781:main]INFO: [20220221_114956] Start Main
[lidar_transfer_manager.py:383:transfer_measurement]INFO: [20220221_114956] Start Transfer. RS
[lidar_transfer_manager.py:245:create_folder]INFO: Creating Directory c:\datos\VELETA\0a\2021\12\16\RS_20211216_1709...
[lidar_transfer_manager.py:257:create_folder]INFO: Directory Created c:\datos\VELETA\0a\2021\12\16\RS_20211216_1709.
[lidar_transfer_manager.py:245:create_folder]INFO: Creating Directory c:\Lidar_Data\bkp\2021\12\16\RS_20211216_1709...
[lidar_transfer_manager.py:257:create_folder]INFO: Directory Created c:\Lidar_Data\bkp\2021\12\16\RS_20211216_1709.
[lidar_transfer_manager.py:308:copy_files_to_folder]INFO: Copying Files C:\Lidar_Data\RAWS\RS05\datalog.dat [...] C:\Lidar_Data\RAWS\RS05\temp.dat to Directory: c:\datos\VELETA\0a\2021\12\16\RS_20211216_1709...
[lidar_transfer_manager.py:330:copy_files_to_folder]INFO: Files copied to c:\datos\VELETA\0a\2021\12\16\RS_20211216_1709.
[lidar_transfer_manager.py:308:copy_files_to_folder]INFO: Copying Files C:\Lidar_Data\RAWS\RS05\R21C1617.091759 [...] C:\Lidar_Data\RAWS\RS05\R21C1620.301983 to Directory: c:\datos\VELETA\0a\2021\12\16\RS_20211216_1709...
[lidar_transfer_manager.py:330:copy_files_to_folder]INFO: Files copied to c:\datos\VELETA\0a\2021\12\16\RS_20211216_1709.
[lidar_transfer_manager.py:308:copy_files_to_folder]INFO: Copying Files C:\Lidar_Data\RAWS\RS05\R21C1617.091759 [...] C:\Lidar_Data\RAWS\RS05\R21C1620.301983 to Directory: c:\Lidar_Data\bkp\2021\12\16\RS_20211216_1709...
[lidar_transfer_manager.py:330:copy_files_to_folder]INFO: Files copied to c:\Lidar_Data\bkp\2021\12\16\RS_20211216_1709.
[lidar_transfer_manager.py:245:create_folder]INFO: Creating Directory c:\datos\VELETA\0a\2021\12\16\DC_20211216_1709...
[lidar_transfer_manager.py:257:create_folder]INFO: Directory Created c:\datos\VELETA\0a\2021\12\16\DC_20211216_1709.
[lidar_transfer_manager.py:245:create_folder]INFO: Creating Directory c:\Lidar_Data\bkp\2021\12\16\DC_20211216_1709...
[lidar_transfer_manager.py:257:create_folder]INFO: Directory Created c:\Lidar_Data\bkp\2021\12\16\DC_20211216_1709.
[lidar_transfer_manager.py:308:copy_files_to_folder]INFO: Copying Files C:\Lidar_Data\RAWS\DC05\R21C1616.560518 [...] C:\Lidar_Data\RAWS\DC05\R21C1617.051166 to Directory: c:\datos\VELETA\0a\2021\12\16\DC_20211216_1709...
[lidar_transfer_manager.py:330:copy_files_to_folder]INFO: Files copied to c:\datos\VELETA\0a\2021\12\16\DC_20211216_1709.
[lidar_transfer_manager.py:308:copy_files_to_folder]INFO: Copying Files C:\Lidar_Data\RAWS\DC05\R21C1616.560518 [...] C:\Lidar_Data\RAWS\DC05\R21C1617.051166 to Directory: c:\Lidar_Data\bkp\2021\12\16\DC_20211216_1709...
[lidar_transfer_manager.py:330:copy_files_to_folder]INFO: Files copied to c:\Lidar_Data\bkp\2021\12\16\DC_20211216_1709.
[lidar_transfer_manager.py:505:transfer_measurement]INFO: Measurement RS05 Finsihed. Proceed to Delete
[lidar_transfer_manager.py:274:delete_folder]INFO: Deleting Directory C:\Lidar_Data\RAWS\RS05...
[lidar_transfer_manager.py:285:delete_folder]INFO: Directory Deleted C:\Lidar_Data\RAWS\RS05.
[lidar_transfer_manager.py:508:transfer_measurement]INFO: DC RS05 Finsihed. Proceed to Delete
[lidar_transfer_manager.py:274:delete_folder]INFO: Deleting Directory C:\Lidar_Data\RAWS\DC05...
[lidar_transfer_manager.py:285:delete_folder]INFO: Directory Deleted C:\Lidar_Data\RAWS\DC05.
[lidar_transfer_manager.py:245:create_folder]INFO: Creating Directory c:\datos\VELETA\0a\2022\02\16\RS_20220216_1216...
[lidar_transfer_manager.py:257:create_folder]INFO: Directory Created c:\datos\VELETA\0a\2022\02\16\RS_20220216_1216.
[lidar_transfer_manager.py:245:create_folder]INFO: Creating Directory c:\Lidar_Data\bkp\2022\02\16\RS_20220216_1216...
[lidar_transfer_manager.py:257:create_folder]INFO: Directory Created c:\Lidar_Data\bkp\2022\02\16\RS_20220216_1216.
[lidar_transfer_manager.py:308:copy_files_to_folder]INFO: Copying Files C:\Lidar_Data\RAWS\RS06\datalog.dat [...] C:\Lidar_Data\RAWS\RS06\temp.dat to Directory: c:\datos\VELETA\0a\2022\02\16\RS_20220216_1216...
[lidar_transfer_manager.py:330:copy_files_to_folder]INFO: Files copied to c:\datos\VELETA\0a\2022\02\16\RS_20220216_1216.
[lidar_transfer_manager.py:308:copy_files_to_folder]INFO: Copying Files C:\Lidar_Data\RAWS\RS06\R2221612.161144 [...] C:\Lidar_Data\RAWS\RS06\R2221615.450982 to Directory: c:\datos\VELETA\0a\2022\02\16\RS_20220216_1216...
[lidar_transfer_manager.py:330:copy_files_to_folder]INFO: Files copied to c:\datos\VELETA\0a\2022\02\16\RS_20220216_1216.
[lidar_transfer_manager.py:308:copy_files_to_folder]INFO: Copying Files C:\Lidar_Data\RAWS\RS06\R2221612.161144 [...] C:\Lidar_Data\RAWS\RS06\R2221615.450982 to Directory: c:\Lidar_Data\bkp\2022\02\16\RS_20220216_1216...
[lidar_transfer_manager.py:330:copy_files_to_folder]INFO: Files copied to c:\Lidar_Data\bkp\2022\02\16\RS_20220216_1216.
[lidar_transfer_manager.py:245:create_folder]INFO: Creating Directory c:\datos\VELETA\0a\2022\02\16\DC_20220216_1216...
[lidar_transfer_manager.py:257:create_folder]INFO: Directory Created c:\datos\VELETA\0a\2022\02\16\DC_20220216_1216.
[lidar_transfer_manager.py:245:create_folder]INFO: Creating Directory c:\Lidar_Data\bkp\2022\02\16\DC_20220216_1216...
[lidar_transfer_manager.py:257:create_folder]INFO: Directory Created c:\Lidar_Data\bkp\2022\02\16\DC_20220216_1216.
[lidar_transfer_manager.py:308:copy_files_to_folder]INFO: Copying Files C:\Lidar_Data\RAWS\DC06\R2221611.224849 [...] C:\Lidar_Data\RAWS\DC06\R2221611.315481 to Directory: c:\datos\VELETA\0a\2022\02\16\DC_20220216_1216...
[lidar_transfer_manager.py:330:copy_files_to_folder]INFO: Files copied to c:\datos\VELETA\0a\2022\02\16\DC_20220216_1216.
[lidar_transfer_manager.py:308:copy_files_to_folder]INFO: Copying Files C:\Lidar_Data\RAWS\DC06\R2221611.224849 [...] C:\Lidar_Data\RAWS\DC06\R2221611.315481 to Directory: c:\Lidar_Data\bkp\2022\02\16\DC_20220216_1216...
[lidar_transfer_manager.py:330:copy_files_to_folder]INFO: Files copied to c:\Lidar_Data\bkp\2022\02\16\DC_20220216_1216.
[lidar_transfer_manager.py:505:transfer_measurement]INFO: Measurement RS06 Finsihed. Proceed to Delete
[lidar_transfer_manager.py:274:delete_folder]INFO: Deleting Directory C:\Lidar_Data\RAWS\RS06...
[lidar_transfer_manager.py:285:delete_folder]INFO: Directory Deleted C:\Lidar_Data\RAWS\RS06.
[lidar_transfer_manager.py:508:transfer_measurement]INFO: DC RS06 Finsihed. Proceed to Delete
[lidar_transfer_manager.py:274:delete_folder]INFO: Deleting Directory C:\Lidar_Data\RAWS\DC06...
[lidar_transfer_manager.py:285:delete_folder]INFO: Directory Deleted C:\Lidar_Data\RAWS\DC06.
[lidar_transfer_manager.py:526:transfer_measurement]INFO: [20220221_114958] End Transfer. RS
[lidar_transfer_manager.py:383:transfer_measurement]INFO: [20220221_114958] Start Transfer. DP
[lidar_transfer_manager.py:245:create_folder]INFO: Creating Directory c:\datos\VELETA\0a\2022\02\16\DP_20220216_1158...
[lidar_transfer_manager.py:257:create_folder]INFO: Directory Created c:\datos\VELETA\0a\2022\02\16\DP_20220216_1158.
[lidar_transfer_manager.py:245:create_folder]INFO: Creating Directory c:\Lidar_Data\bkp\2022\02\16\DP_20220216_1158...
[lidar_transfer_manager.py:257:create_folder]INFO: Directory Created c:\Lidar_Data\bkp\2022\02\16\DP_20220216_1158.
[lidar_transfer_manager.py:308:copy_files_to_folder]INFO: Copying Files C:\Lidar_Data\RAWS\DP07\N45\datalog.dat [...] C:\Lidar_Data\RAWS\DP07\P45\temp.dat to Directory: c:\datos\VELETA\0a\2022\02\16\DP_20220216_1158...
[lidar_transfer_manager.py:330:copy_files_to_folder]INFO: Files copied to c:\datos\VELETA\0a\2022\02\16\DP_20220216_1158.
[lidar_transfer_manager.py:245:create_folder]INFO: Creating Directory c:\datos\VELETA\0a\2022\02\16\DP_20220216_1158\N45...
[lidar_transfer_manager.py:257:create_folder]INFO: Directory Created c:\datos\VELETA\0a\2022\02\16\DP_20220216_1158\N45.
[lidar_transfer_manager.py:245:create_folder]INFO: Creating Directory c:\Lidar_Data\bkp\2022\02\16\DP_20220216_1158\N45...
[lidar_transfer_manager.py:257:create_folder]INFO: Directory Created c:\Lidar_Data\bkp\2022\02\16\DP_20220216_1158\N45.
[lidar_transfer_manager.py:308:copy_files_to_folder]INFO: Copying Files C:\Lidar_Data\RAWS\DP07\N45\R2221612.070167 [...] C:\Lidar_Data\RAWS\DP07\N45\R2221612.110310 to Directory: c:\datos\VELETA\0a\2022\02\16\DP_20220216_1158\N45...
[lidar_transfer_manager.py:330:copy_files_to_folder]INFO: Files copied to c:\datos\VELETA\0a\2022\02\16\DP_20220216_1158\N45.
[lidar_transfer_manager.py:308:copy_files_to_folder]INFO: Copying Files C:\Lidar_Data\RAWS\DP07\N45\R2221612.070167 [...] C:\Lidar_Data\RAWS\DP07\N45\R2221612.110310 to Directory: c:\Lidar_Data\bkp\2022\02\16\DP_20220216_1158\N45...
[lidar_transfer_manager.py:330:copy_files_to_folder]INFO: Files copied to c:\Lidar_Data\bkp\2022\02\16\DP_20220216_1158\N45.
[lidar_transfer_manager.py:245:create_folder]INFO: Creating Directory c:\datos\VELETA\0a\2022\02\16\DP_20220216_1158\P45...
[lidar_transfer_manager.py:257:create_folder]INFO: Directory Created c:\datos\VELETA\0a\2022\02\16\DP_20220216_1158\P45.
[lidar_transfer_manager.py:245:create_folder]INFO: Creating Directory c:\Lidar_Data\bkp\2022\02\16\DP_20220216_1158\P45...
[lidar_transfer_manager.py:257:create_folder]INFO: Directory Created c:\Lidar_Data\bkp\2022\02\16\DP_20220216_1158\P45.
[lidar_transfer_manager.py:308:copy_files_to_folder]INFO: Copying Files C:\Lidar_Data\RAWS\DP07\P45\R2221611.583849 [...] C:\Lidar_Data\RAWS\DP07\P45\R2221612.024193 to Directory: c:\datos\VELETA\0a\2022\02\16\DP_20220216_1158\P45...
[lidar_transfer_manager.py:330:copy_files_to_folder]INFO: Files copied to c:\datos\VELETA\0a\2022\02\16\DP_20220216_1158\P45.
[lidar_transfer_manager.py:308:copy_files_to_folder]INFO: Copying Files C:\Lidar_Data\RAWS\DP07\P45\R2221611.583849 [...] C:\Lidar_Data\RAWS\DP07\P45\R2221612.024193 to Directory: c:\Lidar_Data\bkp\2022\02\16\DP_20220216_1158\P45...
[lidar_transfer_manager.py:330:copy_files_to_folder]INFO: Files copied to c:\Lidar_Data\bkp\2022\02\16\DP_20220216_1158\P45.
[lidar_transfer_manager.py:245:create_folder]INFO: Creating Directory c:\datos\VELETA\0a\2022\02\16\DC_20220216_1158...
[lidar_transfer_manager.py:257:create_folder]INFO: Directory Created c:\datos\VELETA\0a\2022\02\16\DC_20220216_1158.
[lidar_transfer_manager.py:245:create_folder]INFO: Creating Directory c:\Lidar_Data\bkp\2022\02\16\DC_20220216_1158...
[lidar_transfer_manager.py:257:create_folder]INFO: Directory Created c:\Lidar_Data\bkp\2022\02\16\DC_20220216_1158.
[lidar_transfer_manager.py:308:copy_files_to_folder]INFO: Copying Files C:\Lidar_Data\RAWS\DC07\R2221611.224849 [...] C:\Lidar_Data\RAWS\DC07\R2221611.315481 to Directory: c:\datos\VELETA\0a\2022\02\16\DC_20220216_1158...
[lidar_transfer_manager.py:330:copy_files_to_folder]INFO: Files copied to c:\datos\VELETA\0a\2022\02\16\DC_20220216_1158.
[lidar_transfer_manager.py:308:copy_files_to_folder]INFO: Copying Files C:\Lidar_Data\RAWS\DC07\R2221611.224849 [...] C:\Lidar_Data\RAWS\DC07\R2221611.315481 to Directory: c:\Lidar_Data\bkp\2022\02\16\DC_20220216_1158...
[lidar_transfer_manager.py:330:copy_files_to_folder]INFO: Files copied to c:\Lidar_Data\bkp\2022\02\16\DC_20220216_1158.
[lidar_transfer_manager.py:505:transfer_measurement]INFO: Measurement DP07 Finsihed. Proceed to Delete
[lidar_transfer_manager.py:274:delete_folder]INFO: Deleting Directory C:\Lidar_Data\RAWS\DP07...
[lidar_transfer_manager.py:285:delete_folder]INFO: Directory Deleted C:\Lidar_Data\RAWS\DP07.
[lidar_transfer_manager.py:508:transfer_measurement]INFO: DC DP07 Finsihed. Proceed to Delete
[lidar_transfer_manager.py:274:delete_folder]INFO: Deleting Directory C:\Lidar_Data\RAWS\DC07...
[lidar_transfer_manager.py:285:delete_folder]INFO: Directory Deleted C:\Lidar_Data\RAWS\DC07.
[lidar_transfer_manager.py:526:transfer_measurement]INFO: [20220221_114958] End Transfer. DP
[lidar_transfer_manager.py:786:main]INFO: [20220221_114958] End Main
