[lidar_transfer_manager.py:780:main]INFO: MULHACEN RAW TO 0A MANAGER
[lidar_transfer_manager.py:781:main]INFO: [20220221_223001] Start Main
[lidar_transfer_manager.py:383:transfer_measurement]INFO: [20220221_223001] Start Transfer. RS
[lidar_transfer_manager.py:245:create_folder]INFO: Creating Directory c:\datos\VELETA\0a\2022\02\21\RS_20220221_1959...
[lidar_transfer_manager.py:257:create_folder]INFO: Directory Created c:\datos\VELETA\0a\2022\02\21\RS_20220221_1959.
[lidar_transfer_manager.py:245:create_folder]INFO: Creating Directory c:\Lidar_Data\bkp\2022\02\21\RS_20220221_1959...
[lidar_transfer_manager.py:257:create_folder]INFO: Directory Created c:\Lidar_Data\bkp\2022\02\21\RS_20220221_1959.
[lidar_transfer_manager.py:308:copy_files_to_folder]INFO: Copying Files C:\Lidar_Data\RAWS\RS02\datalog.dat [...] C:\Lidar_Data\RAWS\RS02\temp.dat to Directory: c:\datos\VELETA\0a\2022\02\21\RS_20220221_1959...
[lidar_transfer_manager.py:330:copy_files_to_folder]INFO: Files copied to c:\datos\VELETA\0a\2022\02\21\RS_20220221_1959.
[lidar_transfer_manager.py:308:copy_files_to_folder]INFO: Copying Files C:\Lidar_Data\RAWS\RS02\R2222119.590592 [...] C:\Lidar_Data\RAWS\RS02\R2222121.291161 to Directory: c:\datos\VELETA\0a\2022\02\21\RS_20220221_1959...
[lidar_transfer_manager.py:330:copy_files_to_folder]INFO: Files copied to c:\datos\VELETA\0a\2022\02\21\RS_20220221_1959.
[lidar_transfer_manager.py:308:copy_files_to_folder]INFO: Copying Files C:\Lidar_Data\RAWS\RS02\R2222119.590592 [...] C:\Lidar_Data\RAWS\RS02\R2222121.291161 to Directory: c:\Lidar_Data\bkp\2022\02\21\RS_20220221_1959...
[lidar_transfer_manager.py:330:copy_files_to_folder]INFO: Files copied to c:\Lidar_Data\bkp\2022\02\21\RS_20220221_1959.
[lidar_transfer_manager.py:245:create_folder]INFO: Creating Directory c:\datos\VELETA\0a\2022\02\21\DC_20220221_1959...
[lidar_transfer_manager.py:257:create_folder]INFO: Directory Created c:\datos\VELETA\0a\2022\02\21\DC_20220221_1959.
[lidar_transfer_manager.py:245:create_folder]INFO: Creating Directory c:\Lidar_Data\bkp\2022\02\21\DC_20220221_1959...
[lidar_transfer_manager.py:257:create_folder]INFO: Directory Created c:\Lidar_Data\bkp\2022\02\21\DC_20220221_1959.
[lidar_transfer_manager.py:308:copy_files_to_folder]INFO: Copying Files C:\Lidar_Data\RAWS\DC02\R2222118.515751 [...] C:\Lidar_Data\RAWS\DC02\R2222119.010208 to Directory: c:\datos\VELETA\0a\2022\02\21\DC_20220221_1959...
[lidar_transfer_manager.py:330:copy_files_to_folder]INFO: Files copied to c:\datos\VELETA\0a\2022\02\21\DC_20220221_1959.
[lidar_transfer_manager.py:308:copy_files_to_folder]INFO: Copying Files C:\Lidar_Data\RAWS\DC02\R2222118.515751 [...] C:\Lidar_Data\RAWS\DC02\R2222119.010208 to Directory: c:\Lidar_Data\bkp\2022\02\21\DC_20220221_1959...
[lidar_transfer_manager.py:330:copy_files_to_folder]INFO: Files copied to c:\Lidar_Data\bkp\2022\02\21\DC_20220221_1959.
[lidar_transfer_manager.py:505:transfer_measurement]INFO: Measurement RS02 Finsihed. Proceed to Delete
[lidar_transfer_manager.py:274:delete_folder]INFO: Deleting Directory C:\Lidar_Data\RAWS\RS02...
[lidar_transfer_manager.py:285:delete_folder]INFO: Directory Deleted C:\Lidar_Data\RAWS\RS02.
[lidar_transfer_manager.py:508:transfer_measurement]INFO: DC RS02 Finsihed. Proceed to Delete
[lidar_transfer_manager.py:274:delete_folder]INFO: Deleting Directory C:\Lidar_Data\RAWS\DC02...
[lidar_transfer_manager.py:285:delete_folder]INFO: Directory Deleted C:\Lidar_Data\RAWS\DC02.
[lidar_transfer_manager.py:526:transfer_measurement]INFO: [20220221_223001] End Transfer. RS
[lidar_transfer_manager.py:786:main]INFO: [20220221_223001] End Main
