[lidar_transfer_manager.py:780:main]INFO: MULHACEN RAW TO 0A MANAGER
[lidar_transfer_manager.py:781:main]INFO: [20220221_121127] Start Main
[lidar_transfer_manager.py:383:transfer_measurement]INFO: [20220221_121127] Start Transfer. RS
[lidar_transfer_manager.py:245:create_folder]INFO: Creating Directory c:\datos\VELETA\0a\2022\02\16\RS_20220216_1216...
[lidar_transfer_manager.py:257:create_folder]INFO: Directory Created c:\datos\VELETA\0a\2022\02\16\RS_20220216_1216.
[lidar_transfer_manager.py:245:create_folder]INFO: Creating Directory c:\Lidar_Data\bkp\2022\02\16\RS_20220216_1216...
[lidar_transfer_manager.py:257:create_folder]INFO: Directory Created c:\Lidar_Data\bkp\2022\02\16\RS_20220216_1216.
[lidar_transfer_manager.py:308:copy_files_to_folder]INFO: Copying Files C:\Lidar_Data\RAWS\RS01\datalog.dat [...] C:\Lidar_Data\RAWS\RS01\temp.dat to Directory: c:\datos\VELETA\0a\2022\02\16\RS_20220216_1216...
[lidar_transfer_manager.py:330:copy_files_to_folder]INFO: Files copied to c:\datos\VELETA\0a\2022\02\16\RS_20220216_1216.
[lidar_transfer_manager.py:308:copy_files_to_folder]INFO: Copying Files C:\Lidar_Data\RAWS\RS01\R2221612.161144 [...] C:\Lidar_Data\RAWS\RS01\R2221615.450982 to Directory: c:\datos\VELETA\0a\2022\02\16\RS_20220216_1216...
[lidar_transfer_manager.py:330:copy_files_to_folder]INFO: Files copied to c:\datos\VELETA\0a\2022\02\16\RS_20220216_1216.
[lidar_transfer_manager.py:308:copy_files_to_folder]INFO: Copying Files C:\Lidar_Data\RAWS\RS01\R2221612.161144 [...] C:\Lidar_Data\RAWS\RS01\R2221615.450982 to Directory: c:\Lidar_Data\bkp\2022\02\16\RS_20220216_1216...
[lidar_transfer_manager.py:330:copy_files_to_folder]INFO: Files copied to c:\Lidar_Data\bkp\2022\02\16\RS_20220216_1216.
[lidar_transfer_manager.py:245:create_folder]INFO: Creating Directory c:\datos\VELETA\0a\2022\02\16\DC_20220216_1216...
[lidar_transfer_manager.py:257:create_folder]INFO: Directory Created c:\datos\VELETA\0a\2022\02\16\DC_20220216_1216.
[lidar_transfer_manager.py:245:create_folder]INFO: Creating Directory c:\Lidar_Data\bkp\2022\02\16\DC_20220216_1216...
[lidar_transfer_manager.py:257:create_folder]INFO: Directory Created c:\Lidar_Data\bkp\2022\02\16\DC_20220216_1216.
[lidar_transfer_manager.py:308:copy_files_to_folder]INFO: Copying Files C:\Lidar_Data\RAWS\DC01\R2221611.224849 [...] C:\Lidar_Data\RAWS\DC01\R2221611.315481 to Directory: c:\datos\VELETA\0a\2022\02\16\DC_20220216_1216...
[lidar_transfer_manager.py:330:copy_files_to_folder]INFO: Files copied to c:\datos\VELETA\0a\2022\02\16\DC_20220216_1216.
[lidar_transfer_manager.py:308:copy_files_to_folder]INFO: Copying Files C:\Lidar_Data\RAWS\DC01\R2221611.224849 [...] C:\Lidar_Data\RAWS\DC01\R2221611.315481 to Directory: c:\Lidar_Data\bkp\2022\02\16\DC_20220216_1216...
[lidar_transfer_manager.py:330:copy_files_to_folder]INFO: Files copied to c:\Lidar_Data\bkp\2022\02\16\DC_20220216_1216.
[lidar_transfer_manager.py:505:transfer_measurement]INFO: Measurement RS01 Finsihed. Proceed to Delete
[lidar_transfer_manager.py:274:delete_folder]INFO: Deleting Directory C:\Lidar_Data\RAWS\RS01...
[lidar_transfer_manager.py:285:delete_folder]INFO: Directory Deleted C:\Lidar_Data\RAWS\RS01.
[lidar_transfer_manager.py:508:transfer_measurement]INFO: DC RS01 Finsihed. Proceed to Delete
[lidar_transfer_manager.py:274:delete_folder]INFO: Deleting Directory C:\Lidar_Data\RAWS\DC01...
[lidar_transfer_manager.py:285:delete_folder]INFO: Directory Deleted C:\Lidar_Data\RAWS\DC01.
[lidar_transfer_manager.py:526:transfer_measurement]INFO: [20220221_121127] End Transfer. RS
[lidar_transfer_manager.py:786:main]INFO: [20220221_121127] End Main
