[lidar_transfer_manager.py:780:main]INFO: MULHACEN RAW TO 0A MANAGER
[lidar_transfer_manager.py:781:main]INFO: [20220221_203001] Start Main
[lidar_transfer_manager.py:383:transfer_measurement]INFO: [20220221_203001] Start Transfer. RS
[lidar_transfer_manager.py:245:create_folder]INFO: Creating Directory c:\datos\VELETA\0a\2022\02\21\RS_20220221_1959...
[lidar_transfer_manager.py:257:create_folder]INFO: Directory Created c:\datos\VELETA\0a\2022\02\21\RS_20220221_1959.
[lidar_transfer_manager.py:245:create_folder]INFO: Creating Directory c:\Lidar_Data\bkp\2022\02\21\RS_20220221_1959...
[lidar_transfer_manager.py:257:create_folder]INFO: Directory Created c:\Lidar_Data\bkp\2022\02\21\RS_20220221_1959.
[lidar_transfer_manager.py:308:copy_files_to_folder]INFO: Copying Files C:\Lidar_Data\RAWS\RS02\datalog.dat [...] C:\Lidar_Data\RAWS\RS02\temp.dat to Directory: c:\datos\VELETA\0a\2022\02\21\RS_20220221_1959...
[lidar_transfer_manager.py:330:copy_files_to_folder]INFO: Files copied to c:\datos\VELETA\0a\2022\02\21\RS_20220221_1959.
[lidar_transfer_manager.py:308:copy_files_to_folder]INFO: Copying Files C:\Lidar_Data\RAWS\RS02\R2222119.590592 [...] C:\Lidar_Data\RAWS\RS02\R2222120.295458 to Directory: c:\datos\VELETA\0a\2022\02\21\RS_20220221_1959...
[lidar_transfer_manager.py:330:copy_files_to_folder]INFO: Files copied to c:\datos\VELETA\0a\2022\02\21\RS_20220221_1959.
[lidar_transfer_manager.py:308:copy_files_to_folder]INFO: Copying Files C:\Lidar_Data\RAWS\RS02\R2222119.590592 [...] C:\Lidar_Data\RAWS\RS02\R2222120.295458 to Directory: c:\Lidar_Data\bkp\2022\02\21\RS_20220221_1959...
[lidar_transfer_manager.py:330:copy_files_to_folder]INFO: Files copied to c:\Lidar_Data\bkp\2022\02\21\RS_20220221_1959.
[lidar_transfer_manager.py:245:create_folder]INFO: Creating Directory c:\datos\VELETA\0a\2022\02\21\DC_20220221_1959...
[lidar_transfer_manager.py:257:create_folder]INFO: Directory Created c:\datos\VELETA\0a\2022\02\21\DC_20220221_1959.
[lidar_transfer_manager.py:245:create_folder]INFO: Creating Directory c:\Lidar_Data\bkp\2022\02\21\DC_20220221_1959...
[lidar_transfer_manager.py:257:create_folder]INFO: Directory Created c:\Lidar_Data\bkp\2022\02\21\DC_20220221_1959.
[lidar_transfer_manager.py:308:copy_files_to_folder]INFO: Copying Files C:\Lidar_Data\RAWS\DC02\R2222118.515751 [...] C:\Lidar_Data\RAWS\DC02\R2222119.010208 to Directory: c:\datos\VELETA\0a\2022\02\21\DC_20220221_1959...
[lidar_transfer_manager.py:330:copy_files_to_folder]INFO: Files copied to c:\datos\VELETA\0a\2022\02\21\DC_20220221_1959.
[lidar_transfer_manager.py:308:copy_files_to_folder]INFO: Copying Files C:\Lidar_Data\RAWS\DC02\R2222118.515751 [...] C:\Lidar_Data\RAWS\DC02\R2222119.010208 to Directory: c:\Lidar_Data\bkp\2022\02\21\DC_20220221_1959...
[lidar_transfer_manager.py:330:copy_files_to_folder]INFO: Files copied to c:\Lidar_Data\bkp\2022\02\21\DC_20220221_1959.
[lidar_transfer_manager.py:513:transfer_measurement]INFO: Measurement RS02 Still Active
[lidar_transfer_manager.py:526:transfer_measurement]INFO: [20220221_203001] End Transfer. RS
[lidar_transfer_manager.py:383:transfer_measurement]INFO: [20220221_203001] Start Transfer. DP
[lidar_transfer_manager.py:245:create_folder]INFO: Creating Directory c:\datos\VELETA\0a\2022\02\21\DP_20220221_1912...
[lidar_transfer_manager.py:257:create_folder]INFO: Directory Created c:\datos\VELETA\0a\2022\02\21\DP_20220221_1912.
[lidar_transfer_manager.py:245:create_folder]INFO: Creating Directory c:\Lidar_Data\bkp\2022\02\21\DP_20220221_1912...
[lidar_transfer_manager.py:257:create_folder]INFO: Directory Created c:\Lidar_Data\bkp\2022\02\21\DP_20220221_1912.
[lidar_transfer_manager.py:308:copy_files_to_folder]INFO: Copying Files C:\Lidar_Data\RAWS\DP03\N45\datalog.dat [...] C:\Lidar_Data\RAWS\DP03\P45\temp.dat to Directory: c:\datos\VELETA\0a\2022\02\21\DP_20220221_1912...
[lidar_transfer_manager.py:330:copy_files_to_folder]INFO: Files copied to c:\datos\VELETA\0a\2022\02\21\DP_20220221_1912.
[lidar_transfer_manager.py:245:create_folder]INFO: Creating Directory c:\datos\VELETA\0a\2022\02\21\DP_20220221_1912\N45...
[lidar_transfer_manager.py:257:create_folder]INFO: Directory Created c:\datos\VELETA\0a\2022\02\21\DP_20220221_1912\N45.
[lidar_transfer_manager.py:245:create_folder]INFO: Creating Directory c:\Lidar_Data\bkp\2022\02\21\DP_20220221_1912\N45...
[lidar_transfer_manager.py:257:create_folder]INFO: Directory Created c:\Lidar_Data\bkp\2022\02\21\DP_20220221_1912\N45.
[lidar_transfer_manager.py:308:copy_files_to_folder]INFO: Copying Files C:\Lidar_Data\RAWS\DP03\N45\R2222119.210883 [...] C:\Lidar_Data\RAWS\DP03\N45\R2222119.251027 to Directory: c:\datos\VELETA\0a\2022\02\21\DP_20220221_1912\N45...
[lidar_transfer_manager.py:330:copy_files_to_folder]INFO: Files copied to c:\datos\VELETA\0a\2022\02\21\DP_20220221_1912\N45.
[lidar_transfer_manager.py:308:copy_files_to_folder]INFO: Copying Files C:\Lidar_Data\RAWS\DP03\N45\R2222119.210883 [...] C:\Lidar_Data\RAWS\DP03\N45\R2222119.251027 to Directory: c:\Lidar_Data\bkp\2022\02\21\DP_20220221_1912\N45...
[lidar_transfer_manager.py:330:copy_files_to_folder]INFO: Files copied to c:\Lidar_Data\bkp\2022\02\21\DP_20220221_1912\N45.
[lidar_transfer_manager.py:245:create_folder]INFO: Creating Directory c:\datos\VELETA\0a\2022\02\21\DP_20220221_1912\P45...
[lidar_transfer_manager.py:257:create_folder]INFO: Directory Created c:\datos\VELETA\0a\2022\02\21\DP_20220221_1912\P45.
[lidar_transfer_manager.py:245:create_folder]INFO: Creating Directory c:\Lidar_Data\bkp\2022\02\21\DP_20220221_1912\P45...
[lidar_transfer_manager.py:257:create_folder]INFO: Directory Created c:\Lidar_Data\bkp\2022\02\21\DP_20220221_1912\P45.
[lidar_transfer_manager.py:308:copy_files_to_folder]INFO: Copying Files C:\Lidar_Data\RAWS\DP03\P45\R2222119.123531 [...] C:\Lidar_Data\RAWS\DP03\P45\R2222119.163878 to Directory: c:\datos\VELETA\0a\2022\02\21\DP_20220221_1912\P45...
[lidar_transfer_manager.py:330:copy_files_to_folder]INFO: Files copied to c:\datos\VELETA\0a\2022\02\21\DP_20220221_1912\P45.
[lidar_transfer_manager.py:308:copy_files_to_folder]INFO: Copying Files C:\Lidar_Data\RAWS\DP03\P45\R2222119.123531 [...] C:\Lidar_Data\RAWS\DP03\P45\R2222119.163878 to Directory: c:\Lidar_Data\bkp\2022\02\21\DP_20220221_1912\P45...
[lidar_transfer_manager.py:330:copy_files_to_folder]INFO: Files copied to c:\Lidar_Data\bkp\2022\02\21\DP_20220221_1912\P45.
[lidar_transfer_manager.py:245:create_folder]INFO: Creating Directory c:\datos\VELETA\0a\2022\02\21\DC_20220221_1912...
[lidar_transfer_manager.py:257:create_folder]INFO: Directory Created c:\datos\VELETA\0a\2022\02\21\DC_20220221_1912.
[lidar_transfer_manager.py:245:create_folder]INFO: Creating Directory c:\Lidar_Data\bkp\2022\02\21\DC_20220221_1912...
[lidar_transfer_manager.py:257:create_folder]INFO: Directory Created c:\Lidar_Data\bkp\2022\02\21\DC_20220221_1912.
[lidar_transfer_manager.py:308:copy_files_to_folder]INFO: Copying Files C:\Lidar_Data\RAWS\DC03\R2222118.515751 [...] C:\Lidar_Data\RAWS\DC03\R2222119.010208 to Directory: c:\datos\VELETA\0a\2022\02\21\DC_20220221_1912...
[lidar_transfer_manager.py:330:copy_files_to_folder]INFO: Files copied to c:\datos\VELETA\0a\2022\02\21\DC_20220221_1912.
[lidar_transfer_manager.py:308:copy_files_to_folder]INFO: Copying Files C:\Lidar_Data\RAWS\DC03\R2222118.515751 [...] C:\Lidar_Data\RAWS\DC03\R2222119.010208 to Directory: c:\Lidar_Data\bkp\2022\02\21\DC_20220221_1912...
[lidar_transfer_manager.py:330:copy_files_to_folder]INFO: Files copied to c:\Lidar_Data\bkp\2022\02\21\DC_20220221_1912.
[lidar_transfer_manager.py:505:transfer_measurement]INFO: Measurement DP03 Finsihed. Proceed to Delete
[lidar_transfer_manager.py:274:delete_folder]INFO: Deleting Directory C:\Lidar_Data\RAWS\DP03...
[lidar_transfer_manager.py:285:delete_folder]INFO: Directory Deleted C:\Lidar_Data\RAWS\DP03.
[lidar_transfer_manager.py:508:transfer_measurement]INFO: DC DP03 Finsihed. Proceed to Delete
[lidar_transfer_manager.py:274:delete_folder]INFO: Deleting Directory C:\Lidar_Data\RAWS\DC03...
[lidar_transfer_manager.py:285:delete_folder]INFO: Directory Deleted C:\Lidar_Data\RAWS\DC03.
[lidar_transfer_manager.py:526:transfer_measurement]INFO: [20220221_203001] End Transfer. DP
[lidar_transfer_manager.py:383:transfer_measurement]INFO: [20220221_203001] Start Transfer. TC
[lidar_transfer_manager.py:245:create_folder]INFO: Creating Directory c:\datos\VELETA\0a\2022\02\21\TC_20220221_1933...
[lidar_transfer_manager.py:257:create_folder]INFO: Directory Created c:\datos\VELETA\0a\2022\02\21\TC_20220221_1933.
[lidar_transfer_manager.py:245:create_folder]INFO: Creating Directory c:\Lidar_Data\bkp\2022\02\21\TC_20220221_1933...
[lidar_transfer_manager.py:257:create_folder]INFO: Directory Created c:\Lidar_Data\bkp\2022\02\21\TC_20220221_1933.
[lidar_transfer_manager.py:308:copy_files_to_folder]INFO: Copying Files C:\Lidar_Data\RAWS\TC01\E\datalog.dat [...] C:\Lidar_Data\RAWS\TC01\W\temp.dat to Directory: c:\datos\VELETA\0a\2022\02\21\TC_20220221_1933...
[lidar_transfer_manager.py:330:copy_files_to_folder]INFO: Files copied to c:\datos\VELETA\0a\2022\02\21\TC_20220221_1933.
[lidar_transfer_manager.py:245:create_folder]INFO: Creating Directory c:\datos\VELETA\0a\2022\02\21\TC_20220221_1933\E...
[lidar_transfer_manager.py:257:create_folder]INFO: Directory Created c:\datos\VELETA\0a\2022\02\21\TC_20220221_1933\E.
[lidar_transfer_manager.py:245:create_folder]INFO: Creating Directory c:\Lidar_Data\bkp\2022\02\21\TC_20220221_1933\E...
[lidar_transfer_manager.py:257:create_folder]INFO: Directory Created c:\Lidar_Data\bkp\2022\02\21\TC_20220221_1933\E.
[lidar_transfer_manager.py:308:copy_files_to_folder]INFO: Copying Files C:\Lidar_Data\RAWS\TC01\E\R2222119.330624 [...] C:\Lidar_Data\RAWS\TC01\E\R2222119.501954 to Directory: c:\datos\VELETA\0a\2022\02\21\TC_20220221_1933\E...
[lidar_transfer_manager.py:330:copy_files_to_folder]INFO: Files copied to c:\datos\VELETA\0a\2022\02\21\TC_20220221_1933\E.
[lidar_transfer_manager.py:308:copy_files_to_folder]INFO: Copying Files C:\Lidar_Data\RAWS\TC01\E\R2222119.330624 [...] C:\Lidar_Data\RAWS\TC01\E\R2222119.501954 to Directory: c:\Lidar_Data\bkp\2022\02\21\TC_20220221_1933\E...
[lidar_transfer_manager.py:330:copy_files_to_folder]INFO: Files copied to c:\Lidar_Data\bkp\2022\02\21\TC_20220221_1933\E.
[lidar_transfer_manager.py:245:create_folder]INFO: Creating Directory c:\datos\VELETA\0a\2022\02\21\TC_20220221_1933\N...
[lidar_transfer_manager.py:257:create_folder]INFO: Directory Created c:\datos\VELETA\0a\2022\02\21\TC_20220221_1933\N.
[lidar_transfer_manager.py:245:create_folder]INFO: Creating Directory c:\Lidar_Data\bkp\2022\02\21\TC_20220221_1933\N...
[lidar_transfer_manager.py:257:create_folder]INFO: Directory Created c:\Lidar_Data\bkp\2022\02\21\TC_20220221_1933\N.
[lidar_transfer_manager.py:308:copy_files_to_folder]INFO: Copying Files C:\Lidar_Data\RAWS\TC01\N\R2222119.393082 [...] C:\Lidar_Data\RAWS\TC01\N\R2222119.562953 to Directory: c:\datos\VELETA\0a\2022\02\21\TC_20220221_1933\N...
[lidar_transfer_manager.py:330:copy_files_to_folder]INFO: Files copied to c:\datos\VELETA\0a\2022\02\21\TC_20220221_1933\N.
[lidar_transfer_manager.py:308:copy_files_to_folder]INFO: Copying Files C:\Lidar_Data\RAWS\TC01\N\R2222119.393082 [...] C:\Lidar_Data\RAWS\TC01\N\R2222119.562953 to Directory: c:\Lidar_Data\bkp\2022\02\21\TC_20220221_1933\N...
[lidar_transfer_manager.py:330:copy_files_to_folder]INFO: Files copied to c:\Lidar_Data\bkp\2022\02\21\TC_20220221_1933\N.
[lidar_transfer_manager.py:245:create_folder]INFO: Creating Directory c:\datos\VELETA\0a\2022\02\21\TC_20220221_1933\S...
[lidar_transfer_manager.py:257:create_folder]INFO: Directory Created c:\datos\VELETA\0a\2022\02\21\TC_20220221_1933\S.
[lidar_transfer_manager.py:245:create_folder]INFO: Creating Directory c:\Lidar_Data\bkp\2022\02\21\TC_20220221_1933\S...
[lidar_transfer_manager.py:257:create_folder]INFO: Directory Created c:\Lidar_Data\bkp\2022\02\21\TC_20220221_1933\S.
[lidar_transfer_manager.py:308:copy_files_to_folder]INFO: Copying Files C:\Lidar_Data\RAWS\TC01\S\R2222119.351069 [...] C:\Lidar_Data\RAWS\TC01\S\R2222119.524724 to Directory: c:\datos\VELETA\0a\2022\02\21\TC_20220221_1933\S...
[lidar_transfer_manager.py:330:copy_files_to_folder]INFO: Files copied to c:\datos\VELETA\0a\2022\02\21\TC_20220221_1933\S.
[lidar_transfer_manager.py:308:copy_files_to_folder]INFO: Copying Files C:\Lidar_Data\RAWS\TC01\S\R2222119.351069 [...] C:\Lidar_Data\RAWS\TC01\S\R2222119.524724 to Directory: c:\Lidar_Data\bkp\2022\02\21\TC_20220221_1933\S...
[lidar_transfer_manager.py:330:copy_files_to_folder]INFO: Files copied to c:\Lidar_Data\bkp\2022\02\21\TC_20220221_1933\S.
[lidar_transfer_manager.py:245:create_folder]INFO: Creating Directory c:\datos\VELETA\0a\2022\02\21\TC_20220221_1933\W...
[lidar_transfer_manager.py:257:create_folder]INFO: Directory Created c:\datos\VELETA\0a\2022\02\21\TC_20220221_1933\W.
[lidar_transfer_manager.py:245:create_folder]INFO: Creating Directory c:\Lidar_Data\bkp\2022\02\21\TC_20220221_1933\W...
[lidar_transfer_manager.py:257:create_folder]INFO: Directory Created c:\Lidar_Data\bkp\2022\02\21\TC_20220221_1933\W.
[lidar_transfer_manager.py:308:copy_files_to_folder]INFO: Copying Files C:\Lidar_Data\RAWS\TC01\W\R2222119.372423 [...] C:\Lidar_Data\RAWS\TC01\W\R2222119.543838 to Directory: c:\datos\VELETA\0a\2022\02\21\TC_20220221_1933\W...
[lidar_transfer_manager.py:330:copy_files_to_folder]INFO: Files copied to c:\datos\VELETA\0a\2022\02\21\TC_20220221_1933\W.
[lidar_transfer_manager.py:308:copy_files_to_folder]INFO: Copying Files C:\Lidar_Data\RAWS\TC01\W\R2222119.372423 [...] C:\Lidar_Data\RAWS\TC01\W\R2222119.543838 to Directory: c:\Lidar_Data\bkp\2022\02\21\TC_20220221_1933\W...
[lidar_transfer_manager.py:330:copy_files_to_folder]INFO: Files copied to c:\Lidar_Data\bkp\2022\02\21\TC_20220221_1933\W.
[lidar_transfer_manager.py:245:create_folder]INFO: Creating Directory c:\datos\VELETA\0a\2022\02\21\DC_20220221_1933...
[lidar_transfer_manager.py:257:create_folder]INFO: Directory Created c:\datos\VELETA\0a\2022\02\21\DC_20220221_1933.
[lidar_transfer_manager.py:245:create_folder]INFO: Creating Directory c:\Lidar_Data\bkp\2022\02\21\DC_20220221_1933...
[lidar_transfer_manager.py:257:create_folder]INFO: Directory Created c:\Lidar_Data\bkp\2022\02\21\DC_20220221_1933.
[lidar_transfer_manager.py:308:copy_files_to_folder]INFO: Copying Files C:\Lidar_Data\RAWS\DC01\R2222118.515751 [...] C:\Lidar_Data\RAWS\DC01\R2222119.010208 to Directory: c:\datos\VELETA\0a\2022\02\21\DC_20220221_1933...
[lidar_transfer_manager.py:330:copy_files_to_folder]INFO: Files copied to c:\datos\VELETA\0a\2022\02\21\DC_20220221_1933.
[lidar_transfer_manager.py:308:copy_files_to_folder]INFO: Copying Files C:\Lidar_Data\RAWS\DC01\R2222118.515751 [...] C:\Lidar_Data\RAWS\DC01\R2222119.010208 to Directory: c:\Lidar_Data\bkp\2022\02\21\DC_20220221_1933...
[lidar_transfer_manager.py:330:copy_files_to_folder]INFO: Files copied to c:\Lidar_Data\bkp\2022\02\21\DC_20220221_1933.
[lidar_transfer_manager.py:505:transfer_measurement]INFO: Measurement TC01 Finsihed. Proceed to Delete
[lidar_transfer_manager.py:274:delete_folder]INFO: Deleting Directory C:\Lidar_Data\RAWS\TC01...
[lidar_transfer_manager.py:285:delete_folder]INFO: Directory Deleted C:\Lidar_Data\RAWS\TC01.
[lidar_transfer_manager.py:508:transfer_measurement]INFO: DC TC01 Finsihed. Proceed to Delete
[lidar_transfer_manager.py:274:delete_folder]INFO: Deleting Directory C:\Lidar_Data\RAWS\DC01...
[lidar_transfer_manager.py:285:delete_folder]INFO: Directory Deleted C:\Lidar_Data\RAWS\DC01.
[lidar_transfer_manager.py:526:transfer_measurement]INFO: [20220221_203001] End Transfer. TC
[lidar_transfer_manager.py:786:main]INFO: [20220221_203001] End Main
