[lidar_transfer_manager.py:780:main]INFO: MULHACEN RAW TO 0A MANAGER
[lidar_transfer_manager.py:781:main]INFO: [20220217_180742] Start Main
[lidar_transfer_manager.py:383:transfer_measurement]INFO: [20220217_180742] Start Transfer. RS
[lidar_transfer_manager.py:245:create_folder]INFO: Creating Directory y:\datos\VELETA\0a\2022\02\16\RS_20220216_1216...
[lidar_transfer_manager.py:253:create_folder]WARNING: [WinError 3] The system cannot find the path specified: 'y:\\'
[lidar_transfer_manager.py:259:create_folder]WARNING: Directory Not Created y:\datos\VELETA\0a\2022\02\16\RS_20220216_1216. Check Manually
[lidar_transfer_manager.py:245:create_folder]INFO: Creating Directory c:\Lidar_Data\bkp\2022\02\16\RS_20220216_1216...
[lidar_transfer_manager.py:257:create_folder]INFO: Directory Created c:\Lidar_Data\bkp\2022\02\16\RS_20220216_1216.
[lidar_transfer_manager.py:308:copy_files_to_folder]INFO: Copying Files C:\Lidar_Data\RAWS\RS06\datalog.dat [...] C:\Lidar_Data\RAWS\RS06\temp.dat to Directory: y:\datos\VELETA\0a\2022\02\16\RS_20220216_1216...
[lidar_transfer_manager.py:332:copy_files_to_folder]WARNING: Files not copied to y:\datos\VELETA\0a\2022\02\16\RS_20220216_1216. Check Manually
[lidar_transfer_manager.py:308:copy_files_to_folder]INFO: Copying Files C:\Lidar_Data\RAWS\RS06\R2221612.161144 [...] C:\Lidar_Data\RAWS\RS06\R2221615.450982 to Directory: y:\datos\VELETA\0a\2022\02\16\RS_20220216_1216...
[lidar_transfer_manager.py:332:copy_files_to_folder]WARNING: Files not copied to y:\datos\VELETA\0a\2022\02\16\RS_20220216_1216. Check Manually
[lidar_transfer_manager.py:308:copy_files_to_folder]INFO: Copying Files C:\Lidar_Data\RAWS\RS06\R2221612.161144 [...] C:\Lidar_Data\RAWS\RS06\R2221615.450982 to Directory: c:\Lidar_Data\bkp\2022\02\16\RS_20220216_1216...
[lidar_transfer_manager.py:330:copy_files_to_folder]INFO: Files copied to c:\Lidar_Data\bkp\2022\02\16\RS_20220216_1216.
[lidar_transfer_manager.py:245:create_folder]INFO: Creating Directory y:\datos\VELETA\0a\2022\02\16\DC_20220216_1216...
[lidar_transfer_manager.py:253:create_folder]WARNING: [WinError 3] The system cannot find the path specified: 'y:\\'
[lidar_transfer_manager.py:259:create_folder]WARNING: Directory Not Created y:\datos\VELETA\0a\2022\02\16\DC_20220216_1216. Check Manually
[lidar_transfer_manager.py:245:create_folder]INFO: Creating Directory c:\Lidar_Data\bkp\2022\02\16\DC_20220216_1216...
[lidar_transfer_manager.py:257:create_folder]INFO: Directory Created c:\Lidar_Data\bkp\2022\02\16\DC_20220216_1216.
[lidar_transfer_manager.py:308:copy_files_to_folder]INFO: Copying Files C:\Lidar_Data\RAWS\DC06\R2221611.224849 [...] C:\Lidar_Data\RAWS\DC06\R2221611.315481 to Directory: y:\datos\VELETA\0a\2022\02\16\DC_20220216_1216...
[lidar_transfer_manager.py:332:copy_files_to_folder]WARNING: Files not copied to y:\datos\VELETA\0a\2022\02\16\DC_20220216_1216. Check Manually
[lidar_transfer_manager.py:308:copy_files_to_folder]INFO: Copying Files C:\Lidar_Data\RAWS\DC06\R2221611.224849 [...] C:\Lidar_Data\RAWS\DC06\R2221611.315481 to Directory: c:\Lidar_Data\bkp\2022\02\16\DC_20220216_1216...
[lidar_transfer_manager.py:330:copy_files_to_folder]INFO: Files copied to c:\Lidar_Data\bkp\2022\02\16\DC_20220216_1216.
[lidar_transfer_manager.py:245:create_folder]INFO: Creating Directory y:\datos\VELETA\0a\2021\09\22\RS_20210922_1604...
[lidar_transfer_manager.py:253:create_folder]WARNING: [WinError 3] The system cannot find the path specified: 'y:\\'
[lidar_transfer_manager.py:259:create_folder]WARNING: Directory Not Created y:\datos\VELETA\0a\2021\09\22\RS_20210922_1604. Check Manually
[lidar_transfer_manager.py:245:create_folder]INFO: Creating Directory c:\Lidar_Data\bkp\2021\09\22\RS_20210922_1604...
[lidar_transfer_manager.py:257:create_folder]INFO: Directory Created c:\Lidar_Data\bkp\2021\09\22\RS_20210922_1604.
[lidar_transfer_manager.py:308:copy_files_to_folder]INFO: Copying Files C:\Lidar_Data\RAWS\RS_01_day_cubierta_abierta\datalog.dat [...] C:\Lidar_Data\RAWS\RS_01_day_cubierta_abierta\temp.dat to Directory: y:\datos\VELETA\0a\2021\09\22\RS_20210922_1604...
[lidar_transfer_manager.py:332:copy_files_to_folder]WARNING: Files not copied to y:\datos\VELETA\0a\2021\09\22\RS_20210922_1604. Check Manually
[lidar_transfer_manager.py:308:copy_files_to_folder]INFO: Copying Files C:\Lidar_Data\RAWS\RS_01_day_cubierta_abierta\R2192216.045163 [...] C:\Lidar_Data\RAWS\RS_01_day_cubierta_abierta\R2192216.351089 to Directory: y:\datos\VELETA\0a\2021\09\22\RS_20210922_1604...
[lidar_transfer_manager.py:332:copy_files_to_folder]WARNING: Files not copied to y:\datos\VELETA\0a\2021\09\22\RS_20210922_1604. Check Manually
[lidar_transfer_manager.py:308:copy_files_to_folder]INFO: Copying Files C:\Lidar_Data\RAWS\RS_01_day_cubierta_abierta\R2192216.045163 [...] C:\Lidar_Data\RAWS\RS_01_day_cubierta_abierta\R2192216.351089 to Directory: c:\Lidar_Data\bkp\2021\09\22\RS_20210922_1604...
[lidar_transfer_manager.py:330:copy_files_to_folder]INFO: Files copied to c:\Lidar_Data\bkp\2021\09\22\RS_20210922_1604.
[lidar_transfer_manager.py:245:create_folder]INFO: Creating Directory y:\datos\VELETA\0a\2021\09\22\DC_20210922_1604...
[lidar_transfer_manager.py:253:create_folder]WARNING: [WinError 3] The system cannot find the path specified: 'y:\\'
[lidar_transfer_manager.py:259:create_folder]WARNING: Directory Not Created y:\datos\VELETA\0a\2021\09\22\DC_20210922_1604. Check Manually
[lidar_transfer_manager.py:245:create_folder]INFO: Creating Directory c:\Lidar_Data\bkp\2021\09\22\DC_20210922_1604...
[lidar_transfer_manager.py:257:create_folder]INFO: Directory Created c:\Lidar_Data\bkp\2021\09\22\DC_20210922_1604.
[lidar_transfer_manager.py:308:copy_files_to_folder]INFO: Copying Files C:\Lidar_Data\RAWS\DC_01_day\R2192216.440829 [...] C:\Lidar_Data\RAWS\DC_01_day\R2192216.531421 to Directory: y:\datos\VELETA\0a\2021\09\22\DC_20210922_1604...
[lidar_transfer_manager.py:332:copy_files_to_folder]WARNING: Files not copied to y:\datos\VELETA\0a\2021\09\22\DC_20210922_1604. Check Manually
[lidar_transfer_manager.py:308:copy_files_to_folder]INFO: Copying Files C:\Lidar_Data\RAWS\DC_01_day\R2192216.440829 [...] C:\Lidar_Data\RAWS\DC_01_day\R2192216.531421 to Directory: c:\Lidar_Data\bkp\2021\09\22\DC_20210922_1604...
[lidar_transfer_manager.py:330:copy_files_to_folder]INFO: Files copied to c:\Lidar_Data\bkp\2021\09\22\DC_20210922_1604.
[lidar_transfer_manager.py:245:create_folder]INFO: Creating Directory y:\datos\VELETA\0a\2021\09\22\RS_20210922_1709...
[lidar_transfer_manager.py:253:create_folder]WARNING: [WinError 3] The system cannot find the path specified: 'y:\\'
[lidar_transfer_manager.py:259:create_folder]WARNING: Directory Not Created y:\datos\VELETA\0a\2021\09\22\RS_20210922_1709. Check Manually
[lidar_transfer_manager.py:245:create_folder]INFO: Creating Directory c:\Lidar_Data\bkp\2021\09\22\RS_20210922_1709...
[lidar_transfer_manager.py:257:create_folder]INFO: Directory Created c:\Lidar_Data\bkp\2021\09\22\RS_20210922_1709.
[lidar_transfer_manager.py:308:copy_files_to_folder]INFO: Copying Files C:\Lidar_Data\RAWS\RS_02_day_cubierta_cerrada\datalog.dat [...] C:\Lidar_Data\RAWS\RS_02_day_cubierta_cerrada\temp.dat to Directory: y:\datos\VELETA\0a\2021\09\22\RS_20210922_1709...
[lidar_transfer_manager.py:332:copy_files_to_folder]WARNING: Files not copied to y:\datos\VELETA\0a\2021\09\22\RS_20210922_1709. Check Manually
[lidar_transfer_manager.py:308:copy_files_to_folder]INFO: Copying Files C:\Lidar_Data\RAWS\RS_02_day_cubierta_cerrada\R2192217.093038 [...] C:\Lidar_Data\RAWS\RS_02_day_cubierta_cerrada\R2192220.062624 to Directory: y:\datos\VELETA\0a\2021\09\22\RS_20210922_1709...
[lidar_transfer_manager.py:332:copy_files_to_folder]WARNING: Files not copied to y:\datos\VELETA\0a\2021\09\22\RS_20210922_1709. Check Manually
[lidar_transfer_manager.py:308:copy_files_to_folder]INFO: Copying Files C:\Lidar_Data\RAWS\RS_02_day_cubierta_cerrada\R2192217.093038 [...] C:\Lidar_Data\RAWS\RS_02_day_cubierta_cerrada\R2192220.062624 to Directory: c:\Lidar_Data\bkp\2021\09\22\RS_20210922_1709...
[lidar_transfer_manager.py:330:copy_files_to_folder]INFO: Files copied to c:\Lidar_Data\bkp\2021\09\22\RS_20210922_1709.
[lidar_transfer_manager.py:245:create_folder]INFO: Creating Directory y:\datos\VELETA\0a\2021\09\22\DC_20210922_1709...
[lidar_transfer_manager.py:253:create_folder]WARNING: [WinError 3] The system cannot find the path specified: 'y:\\'
[lidar_transfer_manager.py:259:create_folder]WARNING: Directory Not Created y:\datos\VELETA\0a\2021\09\22\DC_20210922_1709. Check Manually
[lidar_transfer_manager.py:245:create_folder]INFO: Creating Directory c:\Lidar_Data\bkp\2021\09\22\DC_20210922_1709...
[lidar_transfer_manager.py:257:create_folder]INFO: Directory Created c:\Lidar_Data\bkp\2021\09\22\DC_20210922_1709.
[lidar_transfer_manager.py:308:copy_files_to_folder]INFO: Copying Files C:\Lidar_Data\RAWS\DC_01_night\R2192216.562331 [...] C:\Lidar_Data\RAWS\DC_01_night\R2192217.052978 to Directory: y:\datos\VELETA\0a\2021\09\22\DC_20210922_1709...
[lidar_transfer_manager.py:332:copy_files_to_folder]WARNING: Files not copied to y:\datos\VELETA\0a\2021\09\22\DC_20210922_1709. Check Manually
[lidar_transfer_manager.py:308:copy_files_to_folder]INFO: Copying Files C:\Lidar_Data\RAWS\DC_01_night\R2192216.562331 [...] C:\Lidar_Data\RAWS\DC_01_night\R2192217.052978 to Directory: c:\Lidar_Data\bkp\2021\09\22\DC_20210922_1709...
[lidar_transfer_manager.py:330:copy_files_to_folder]INFO: Files copied to c:\Lidar_Data\bkp\2021\09\22\DC_20210922_1709.
[lidar_transfer_manager.py:245:create_folder]INFO: Creating Directory y:\datos\VELETA\0a\2021\09\22\RS_20210922_2026...
[lidar_transfer_manager.py:253:create_folder]WARNING: [WinError 3] The system cannot find the path specified: 'y:\\'
[lidar_transfer_manager.py:259:create_folder]WARNING: Directory Not Created y:\datos\VELETA\0a\2021\09\22\RS_20210922_2026. Check Manually
[lidar_transfer_manager.py:245:create_folder]INFO: Creating Directory c:\Lidar_Data\bkp\2021\09\22\RS_20210922_2026...
[lidar_transfer_manager.py:257:create_folder]INFO: Directory Created c:\Lidar_Data\bkp\2021\09\22\RS_20210922_2026.
[lidar_transfer_manager.py:308:copy_files_to_folder]INFO: Copying Files C:\Lidar_Data\RAWS\RS_03_night_cubierta_cerrada\datalog.dat [...] C:\Lidar_Data\RAWS\RS_03_night_cubierta_cerrada\temp.dat to Directory: y:\datos\VELETA\0a\2021\09\22\RS_20210922_2026...
[lidar_transfer_manager.py:332:copy_files_to_folder]WARNING: Files not copied to y:\datos\VELETA\0a\2021\09\22\RS_20210922_2026. Check Manually
[lidar_transfer_manager.py:308:copy_files_to_folder]INFO: Copying Files C:\Lidar_Data\RAWS\RS_03_night_cubierta_cerrada\R2192220.261512 [...] C:\Lidar_Data\RAWS\RS_03_night_cubierta_cerrada\R21B1909.441292 to Directory: y:\datos\VELETA\0a\2021\09\22\RS_20210922_2026...
[lidar_transfer_manager.py:332:copy_files_to_folder]WARNING: Files not copied to y:\datos\VELETA\0a\2021\09\22\RS_20210922_2026. Check Manually
[lidar_transfer_manager.py:308:copy_files_to_folder]INFO: Copying Files C:\Lidar_Data\RAWS\RS_03_night_cubierta_cerrada\R2192220.261512 [...] C:\Lidar_Data\RAWS\RS_03_night_cubierta_cerrada\R21B1909.441292 to Directory: c:\Lidar_Data\bkp\2021\09\22\RS_20210922_2026...
[lidar_transfer_manager.py:330:copy_files_to_folder]INFO: Files copied to c:\Lidar_Data\bkp\2021\09\22\RS_20210922_2026.
[lidar_transfer_manager.py:245:create_folder]INFO: Creating Directory y:\datos\VELETA\0a\2021\09\22\DC_20210922_2026...
[lidar_transfer_manager.py:253:create_folder]WARNING: [WinError 3] The system cannot find the path specified: 'y:\\'
[lidar_transfer_manager.py:259:create_folder]WARNING: Directory Not Created y:\datos\VELETA\0a\2021\09\22\DC_20210922_2026. Check Manually
[lidar_transfer_manager.py:245:create_folder]INFO: Creating Directory c:\Lidar_Data\bkp\2021\09\22\DC_20210922_2026...
[lidar_transfer_manager.py:257:create_folder]INFO: Directory Created c:\Lidar_Data\bkp\2021\09\22\DC_20210922_2026.
[lidar_transfer_manager.py:308:copy_files_to_folder]INFO: Copying Files C:\Lidar_Data\RAWS\DC_01_night\R2192216.562331 [...] C:\Lidar_Data\RAWS\DC_01_night\R2192217.052978 to Directory: y:\datos\VELETA\0a\2021\09\22\DC_20210922_2026...
[lidar_transfer_manager.py:332:copy_files_to_folder]WARNING: Files not copied to y:\datos\VELETA\0a\2021\09\22\DC_20210922_2026. Check Manually
[lidar_transfer_manager.py:308:copy_files_to_folder]INFO: Copying Files C:\Lidar_Data\RAWS\DC_01_night\R2192216.562331 [...] C:\Lidar_Data\RAWS\DC_01_night\R2192217.052978 to Directory: c:\Lidar_Data\bkp\2021\09\22\DC_20210922_2026...
[lidar_transfer_manager.py:330:copy_files_to_folder]INFO: Files copied to c:\Lidar_Data\bkp\2021\09\22\DC_20210922_2026.
[lidar_transfer_manager.py:245:create_folder]INFO: Creating Directory y:\datos\VELETA\0a\2021\12\16\RS_20211216_1632...
[lidar_transfer_manager.py:253:create_folder]WARNING: [WinError 3] The system cannot find the path specified: 'y:\\'
[lidar_transfer_manager.py:259:create_folder]WARNING: Directory Not Created y:\datos\VELETA\0a\2021\12\16\RS_20211216_1632. Check Manually
[lidar_transfer_manager.py:245:create_folder]INFO: Creating Directory c:\Lidar_Data\bkp\2021\12\16\RS_20211216_1632...
[lidar_transfer_manager.py:257:create_folder]INFO: Directory Created c:\Lidar_Data\bkp\2021\12\16\RS_20211216_1632.
[lidar_transfer_manager.py:308:copy_files_to_folder]INFO: Copying Files C:\Lidar_Data\RAWS\RS_04_day_cubierta_abierta\datalog.dat [...] C:\Lidar_Data\RAWS\RS_04_day_cubierta_abierta\temp.dat to Directory: y:\datos\VELETA\0a\2021\12\16\RS_20211216_1632...
[lidar_transfer_manager.py:332:copy_files_to_folder]WARNING: Files not copied to y:\datos\VELETA\0a\2021\12\16\RS_20211216_1632. Check Manually
[lidar_transfer_manager.py:308:copy_files_to_folder]INFO: Copying Files C:\Lidar_Data\RAWS\RS_04_day_cubierta_abierta\R21C1616.321345 [...] C:\Lidar_Data\RAWS\RS_04_day_cubierta_abierta\R21C1616.522544 to Directory: y:\datos\VELETA\0a\2021\12\16\RS_20211216_1632...
[lidar_transfer_manager.py:332:copy_files_to_folder]WARNING: Files not copied to y:\datos\VELETA\0a\2021\12\16\RS_20211216_1632. Check Manually
[lidar_transfer_manager.py:308:copy_files_to_folder]INFO: Copying Files C:\Lidar_Data\RAWS\RS_04_day_cubierta_abierta\R21C1616.321345 [...] C:\Lidar_Data\RAWS\RS_04_day_cubierta_abierta\R21C1616.522544 to Directory: c:\Lidar_Data\bkp\2021\12\16\RS_20211216_1632...
[lidar_transfer_manager.py:330:copy_files_to_folder]INFO: Files copied to c:\Lidar_Data\bkp\2021\12\16\RS_20211216_1632.
[lidar_transfer_manager.py:245:create_folder]INFO: Creating Directory y:\datos\VELETA\0a\2021\12\16\DC_20211216_1632...
[lidar_transfer_manager.py:253:create_folder]WARNING: [WinError 3] The system cannot find the path specified: 'y:\\'
[lidar_transfer_manager.py:259:create_folder]WARNING: Directory Not Created y:\datos\VELETA\0a\2021\12\16\DC_20211216_1632. Check Manually
[lidar_transfer_manager.py:245:create_folder]INFO: Creating Directory c:\Lidar_Data\bkp\2021\12\16\DC_20211216_1632...
[lidar_transfer_manager.py:257:create_folder]INFO: Directory Created c:\Lidar_Data\bkp\2021\12\16\DC_20211216_1632.
[lidar_transfer_manager.py:308:copy_files_to_folder]INFO: Copying Files C:\Lidar_Data\RAWS\DC_04_day\R21C1616.195280 [...] C:\Lidar_Data\RAWS\DC_04_day\R21C1616.285717 to Directory: y:\datos\VELETA\0a\2021\12\16\DC_20211216_1632...
[lidar_transfer_manager.py:332:copy_files_to_folder]WARNING: Files not copied to y:\datos\VELETA\0a\2021\12\16\DC_20211216_1632. Check Manually
[lidar_transfer_manager.py:308:copy_files_to_folder]INFO: Copying Files C:\Lidar_Data\RAWS\DC_04_day\R21C1616.195280 [...] C:\Lidar_Data\RAWS\DC_04_day\R21C1616.285717 to Directory: c:\Lidar_Data\bkp\2021\12\16\DC_20211216_1632...
[lidar_transfer_manager.py:330:copy_files_to_folder]INFO: Files copied to c:\Lidar_Data\bkp\2021\12\16\DC_20211216_1632.
[lidar_transfer_manager.py:245:create_folder]INFO: Creating Directory y:\datos\VELETA\0a\2021\12\16\RS_20211216_1709...
[lidar_transfer_manager.py:253:create_folder]WARNING: [WinError 3] The system cannot find the path specified: 'y:\\'
[lidar_transfer_manager.py:259:create_folder]WARNING: Directory Not Created y:\datos\VELETA\0a\2021\12\16\RS_20211216_1709. Check Manually
[lidar_transfer_manager.py:245:create_folder]INFO: Creating Directory c:\Lidar_Data\bkp\2021\12\16\RS_20211216_1709...
[lidar_transfer_manager.py:257:create_folder]INFO: Directory Created c:\Lidar_Data\bkp\2021\12\16\RS_20211216_1709.
[lidar_transfer_manager.py:308:copy_files_to_folder]INFO: Copying Files C:\Lidar_Data\RAWS\RS_05_night_cubierta abierta\datalog.dat [...] C:\Lidar_Data\RAWS\RS_05_night_cubierta abierta\temp.dat to Directory: y:\datos\VELETA\0a\2021\12\16\RS_20211216_1709...
[lidar_transfer_manager.py:332:copy_files_to_folder]WARNING: Files not copied to y:\datos\VELETA\0a\2021\12\16\RS_20211216_1709. Check Manually
[lidar_transfer_manager.py:308:copy_files_to_folder]INFO: Copying Files C:\Lidar_Data\RAWS\RS_05_night_cubierta abierta\R21C1617.091759 [...] C:\Lidar_Data\RAWS\RS_05_night_cubierta abierta\R21C1620.301983 to Directory: y:\datos\VELETA\0a\2021\12\16\RS_20211216_1709...
[lidar_transfer_manager.py:332:copy_files_to_folder]WARNING: Files not copied to y:\datos\VELETA\0a\2021\12\16\RS_20211216_1709. Check Manually
[lidar_transfer_manager.py:308:copy_files_to_folder]INFO: Copying Files C:\Lidar_Data\RAWS\RS_05_night_cubierta abierta\R21C1617.091759 [...] C:\Lidar_Data\RAWS\RS_05_night_cubierta abierta\R21C1620.301983 to Directory: c:\Lidar_Data\bkp\2021\12\16\RS_20211216_1709...
[lidar_transfer_manager.py:330:copy_files_to_folder]INFO: Files copied to c:\Lidar_Data\bkp\2021\12\16\RS_20211216_1709.
[lidar_transfer_manager.py:245:create_folder]INFO: Creating Directory y:\datos\VELETA\0a\2021\12\16\DC_20211216_1709...
[lidar_transfer_manager.py:253:create_folder]WARNING: [WinError 3] The system cannot find the path specified: 'y:\\'
[lidar_transfer_manager.py:259:create_folder]WARNING: Directory Not Created y:\datos\VELETA\0a\2021\12\16\DC_20211216_1709. Check Manually
[lidar_transfer_manager.py:245:create_folder]INFO: Creating Directory c:\Lidar_Data\bkp\2021\12\16\DC_20211216_1709...
[lidar_transfer_manager.py:257:create_folder]INFO: Directory Created c:\Lidar_Data\bkp\2021\12\16\DC_20211216_1709.
[lidar_transfer_manager.py:308:copy_files_to_folder]INFO: Copying Files C:\Lidar_Data\RAWS\DC_05_night\R21C1616.560518 [...] C:\Lidar_Data\RAWS\DC_05_night\R21C1617.051166 to Directory: y:\datos\VELETA\0a\2021\12\16\DC_20211216_1709...
[lidar_transfer_manager.py:332:copy_files_to_folder]WARNING: Files not copied to y:\datos\VELETA\0a\2021\12\16\DC_20211216_1709. Check Manually
[lidar_transfer_manager.py:308:copy_files_to_folder]INFO: Copying Files C:\Lidar_Data\RAWS\DC_05_night\R21C1616.560518 [...] C:\Lidar_Data\RAWS\DC_05_night\R21C1617.051166 to Directory: c:\Lidar_Data\bkp\2021\12\16\DC_20211216_1709...
[lidar_transfer_manager.py:330:copy_files_to_folder]INFO: Files copied to c:\Lidar_Data\bkp\2021\12\16\DC_20211216_1709.
[lidar_transfer_manager.py:526:transfer_measurement]INFO: [20220217_180743] End Transfer. RS
[lidar_transfer_manager.py:383:transfer_measurement]INFO: [20220217_180743] Start Transfer. DP
[lidar_transfer_manager.py:245:create_folder]INFO: Creating Directory y:\datos\VELETA\0a\2022\02\16\DP_20220216_1158...
[lidar_transfer_manager.py:253:create_folder]WARNING: [WinError 3] The system cannot find the path specified: 'y:\\'
[lidar_transfer_manager.py:259:create_folder]WARNING: Directory Not Created y:\datos\VELETA\0a\2022\02\16\DP_20220216_1158. Check Manually
[lidar_transfer_manager.py:245:create_folder]INFO: Creating Directory c:\Lidar_Data\bkp\2022\02\16\DP_20220216_1158...
[lidar_transfer_manager.py:257:create_folder]INFO: Directory Created c:\Lidar_Data\bkp\2022\02\16\DP_20220216_1158.
[lidar_transfer_manager.py:308:copy_files_to_folder]INFO: Copying Files C:\Lidar_Data\RAWS\DP07\N45\datalog.dat [...] C:\Lidar_Data\RAWS\DP07\P45\temp.dat to Directory: y:\datos\VELETA\0a\2022\02\16\DP_20220216_1158...
[lidar_transfer_manager.py:332:copy_files_to_folder]WARNING: Files not copied to y:\datos\VELETA\0a\2022\02\16\DP_20220216_1158. Check Manually
[lidar_transfer_manager.py:245:create_folder]INFO: Creating Directory y:\datos\VELETA\0a\2022\02\16\DP_20220216_1158\N45...
[lidar_transfer_manager.py:253:create_folder]WARNING: [WinError 3] The system cannot find the path specified: 'y:\\'
[lidar_transfer_manager.py:259:create_folder]WARNING: Directory Not Created y:\datos\VELETA\0a\2022\02\16\DP_20220216_1158\N45. Check Manually
[lidar_transfer_manager.py:245:create_folder]INFO: Creating Directory c:\Lidar_Data\bkp\2022\02\16\DP_20220216_1158\N45...
[lidar_transfer_manager.py:257:create_folder]INFO: Directory Created c:\Lidar_Data\bkp\2022\02\16\DP_20220216_1158\N45.
[lidar_transfer_manager.py:308:copy_files_to_folder]INFO: Copying Files C:\Lidar_Data\RAWS\DP07\N45\R2221612.070167 [...] C:\Lidar_Data\RAWS\DP07\N45\R2221612.110310 to Directory: y:\datos\VELETA\0a\2022\02\16\DP_20220216_1158\N45...
[lidar_transfer_manager.py:332:copy_files_to_folder]WARNING: Files not copied to y:\datos\VELETA\0a\2022\02\16\DP_20220216_1158\N45. Check Manually
[lidar_transfer_manager.py:308:copy_files_to_folder]INFO: Copying Files C:\Lidar_Data\RAWS\DP07\N45\R2221612.070167 [...] C:\Lidar_Data\RAWS\DP07\N45\R2221612.110310 to Directory: c:\Lidar_Data\bkp\2022\02\16\DP_20220216_1158\N45...
[lidar_transfer_manager.py:330:copy_files_to_folder]INFO: Files copied to c:\Lidar_Data\bkp\2022\02\16\DP_20220216_1158\N45.
[lidar_transfer_manager.py:245:create_folder]INFO: Creating Directory y:\datos\VELETA\0a\2022\02\16\DP_20220216_1158\P45...
[lidar_transfer_manager.py:253:create_folder]WARNING: [WinError 3] The system cannot find the path specified: 'y:\\'
[lidar_transfer_manager.py:259:create_folder]WARNING: Directory Not Created y:\datos\VELETA\0a\2022\02\16\DP_20220216_1158\P45. Check Manually
[lidar_transfer_manager.py:245:create_folder]INFO: Creating Directory c:\Lidar_Data\bkp\2022\02\16\DP_20220216_1158\P45...
[lidar_transfer_manager.py:257:create_folder]INFO: Directory Created c:\Lidar_Data\bkp\2022\02\16\DP_20220216_1158\P45.
[lidar_transfer_manager.py:308:copy_files_to_folder]INFO: Copying Files C:\Lidar_Data\RAWS\DP07\P45\R2221611.583849 [...] C:\Lidar_Data\RAWS\DP07\P45\R2221612.024193 to Directory: y:\datos\VELETA\0a\2022\02\16\DP_20220216_1158\P45...
[lidar_transfer_manager.py:332:copy_files_to_folder]WARNING: Files not copied to y:\datos\VELETA\0a\2022\02\16\DP_20220216_1158\P45. Check Manually
[lidar_transfer_manager.py:308:copy_files_to_folder]INFO: Copying Files C:\Lidar_Data\RAWS\DP07\P45\R2221611.583849 [...] C:\Lidar_Data\RAWS\DP07\P45\R2221612.024193 to Directory: c:\Lidar_Data\bkp\2022\02\16\DP_20220216_1158\P45...
[lidar_transfer_manager.py:330:copy_files_to_folder]INFO: Files copied to c:\Lidar_Data\bkp\2022\02\16\DP_20220216_1158\P45.
[lidar_transfer_manager.py:245:create_folder]INFO: Creating Directory y:\datos\VELETA\0a\2022\02\16\DC_20220216_1158...
[lidar_transfer_manager.py:253:create_folder]WARNING: [WinError 3] The system cannot find the path specified: 'y:\\'
[lidar_transfer_manager.py:259:create_folder]WARNING: Directory Not Created y:\datos\VELETA\0a\2022\02\16\DC_20220216_1158. Check Manually
[lidar_transfer_manager.py:245:create_folder]INFO: Creating Directory c:\Lidar_Data\bkp\2022\02\16\DC_20220216_1158...
[lidar_transfer_manager.py:257:create_folder]INFO: Directory Created c:\Lidar_Data\bkp\2022\02\16\DC_20220216_1158.
[lidar_transfer_manager.py:308:copy_files_to_folder]INFO: Copying Files C:\Lidar_Data\RAWS\DC07\R2221611.224849 [...] C:\Lidar_Data\RAWS\DC07\R2221611.315481 to Directory: y:\datos\VELETA\0a\2022\02\16\DC_20220216_1158...
[lidar_transfer_manager.py:332:copy_files_to_folder]WARNING: Files not copied to y:\datos\VELETA\0a\2022\02\16\DC_20220216_1158. Check Manually
[lidar_transfer_manager.py:308:copy_files_to_folder]INFO: Copying Files C:\Lidar_Data\RAWS\DC07\R2221611.224849 [...] C:\Lidar_Data\RAWS\DC07\R2221611.315481 to Directory: c:\Lidar_Data\bkp\2022\02\16\DC_20220216_1158...
[lidar_transfer_manager.py:330:copy_files_to_folder]INFO: Files copied to c:\Lidar_Data\bkp\2022\02\16\DC_20220216_1158.
[lidar_transfer_manager.py:526:transfer_measurement]INFO: [20220217_180743] End Transfer. DP
[lidar_transfer_manager.py:786:main]INFO: [20220217_180743] End Main
