[lidar_transfer_manager.py:780:main]INFO: MULHACEN RAW TO 0A MANAGER
[lidar_transfer_manager.py:781:main]INFO: [20220217_182222] Start Main
[lidar_transfer_manager.py:383:transfer_measurement]INFO: [20220217_182222] Start Transfer. RS
[lidar_transfer_manager.py:245:create_folder]INFO: Creating Directory y:\datos\VELETA\0a\2021\09\22\RS_20210922_1604...
[lidar_transfer_manager.py:257:create_folder]INFO: Directory Created y:\datos\VELETA\0a\2021\09\22\RS_20210922_1604.
[lidar_transfer_manager.py:245:create_folder]INFO: Creating Directory c:\Lidar_Data\bkp\2021\09\22\RS_20210922_1604...
[lidar_transfer_manager.py:257:create_folder]INFO: Directory Created c:\Lidar_Data\bkp\2021\09\22\RS_20210922_1604.
[lidar_transfer_manager.py:308:copy_files_to_folder]INFO: Copying Files C:\Lidar_Data\RAWS\RS01\datalog.dat [...] C:\Lidar_Data\RAWS\RS01\temp.dat to Directory: y:\datos\VELETA\0a\2021\09\22\RS_20210922_1604...
[lidar_transfer_manager.py:330:copy_files_to_folder]INFO: Files copied to y:\datos\VELETA\0a\2021\09\22\RS_20210922_1604.
[lidar_transfer_manager.py:308:copy_files_to_folder]INFO: Copying Files C:\Lidar_Data\RAWS\RS01\R2192216.045163 [...] C:\Lidar_Data\RAWS\RS01\R2192216.351089 to Directory: y:\datos\VELETA\0a\2021\09\22\RS_20210922_1604...
[lidar_transfer_manager.py:330:copy_files_to_folder]INFO: Files copied to y:\datos\VELETA\0a\2021\09\22\RS_20210922_1604.
[lidar_transfer_manager.py:308:copy_files_to_folder]INFO: Copying Files C:\Lidar_Data\RAWS\RS01\R2192216.045163 [...] C:\Lidar_Data\RAWS\RS01\R2192216.351089 to Directory: c:\Lidar_Data\bkp\2021\09\22\RS_20210922_1604...
[lidar_transfer_manager.py:330:copy_files_to_folder]INFO: Files copied to c:\Lidar_Data\bkp\2021\09\22\RS_20210922_1604.
[lidar_transfer_manager.py:245:create_folder]INFO: Creating Directory y:\datos\VELETA\0a\2021\09\22\DC_20210922_1604...
[lidar_transfer_manager.py:257:create_folder]INFO: Directory Created y:\datos\VELETA\0a\2021\09\22\DC_20210922_1604.
[lidar_transfer_manager.py:245:create_folder]INFO: Creating Directory c:\Lidar_Data\bkp\2021\09\22\DC_20210922_1604...
[lidar_transfer_manager.py:257:create_folder]INFO: Directory Created c:\Lidar_Data\bkp\2021\09\22\DC_20210922_1604.
[lidar_transfer_manager.py:308:copy_files_to_folder]INFO: Copying Files C:\Lidar_Data\RAWS\DC01\R2192216.440829 [...] C:\Lidar_Data\RAWS\DC01\R2192216.531421 to Directory: y:\datos\VELETA\0a\2021\09\22\DC_20210922_1604...
[lidar_transfer_manager.py:330:copy_files_to_folder]INFO: Files copied to y:\datos\VELETA\0a\2021\09\22\DC_20210922_1604.
[lidar_transfer_manager.py:308:copy_files_to_folder]INFO: Copying Files C:\Lidar_Data\RAWS\DC01\R2192216.440829 [...] C:\Lidar_Data\RAWS\DC01\R2192216.531421 to Directory: c:\Lidar_Data\bkp\2021\09\22\DC_20210922_1604...
[lidar_transfer_manager.py:330:copy_files_to_folder]INFO: Files copied to c:\Lidar_Data\bkp\2021\09\22\DC_20210922_1604.
[lidar_transfer_manager.py:505:transfer_measurement]INFO: Measurement RS01 Finsihed. Proceed to Delete
[lidar_transfer_manager.py:274:delete_folder]INFO: Deleting Directory C:\Lidar_Data\RAWS\RS01...
[lidar_transfer_manager.py:285:delete_folder]INFO: Directory Deleted C:\Lidar_Data\RAWS\RS01.
[lidar_transfer_manager.py:508:transfer_measurement]INFO: DC RS01 Finsihed. Proceed to Delete
[lidar_transfer_manager.py:274:delete_folder]INFO: Deleting Directory C:\Lidar_Data\RAWS\DC01...
[lidar_transfer_manager.py:285:delete_folder]INFO: Directory Deleted C:\Lidar_Data\RAWS\DC01.
[lidar_transfer_manager.py:245:create_folder]INFO: Creating Directory y:\datos\VELETA\0a\2021\09\22\RS_20210922_1709...
[lidar_transfer_manager.py:257:create_folder]INFO: Directory Created y:\datos\VELETA\0a\2021\09\22\RS_20210922_1709.
[lidar_transfer_manager.py:245:create_folder]INFO: Creating Directory c:\Lidar_Data\bkp\2021\09\22\RS_20210922_1709...
[lidar_transfer_manager.py:257:create_folder]INFO: Directory Created c:\Lidar_Data\bkp\2021\09\22\RS_20210922_1709.
[lidar_transfer_manager.py:308:copy_files_to_folder]INFO: Copying Files C:\Lidar_Data\RAWS\RS02\datalog.dat [...] C:\Lidar_Data\RAWS\RS02\temp.dat to Directory: y:\datos\VELETA\0a\2021\09\22\RS_20210922_1709...
[lidar_transfer_manager.py:330:copy_files_to_folder]INFO: Files copied to y:\datos\VELETA\0a\2021\09\22\RS_20210922_1709.
[lidar_transfer_manager.py:308:copy_files_to_folder]INFO: Copying Files C:\Lidar_Data\RAWS\RS02\R2192217.093038 [...] C:\Lidar_Data\RAWS\RS02\R2192220.062624 to Directory: y:\datos\VELETA\0a\2021\09\22\RS_20210922_1709...
[lidar_transfer_manager.py:330:copy_files_to_folder]INFO: Files copied to y:\datos\VELETA\0a\2021\09\22\RS_20210922_1709.
[lidar_transfer_manager.py:308:copy_files_to_folder]INFO: Copying Files C:\Lidar_Data\RAWS\RS02\R2192217.093038 [...] C:\Lidar_Data\RAWS\RS02\R2192220.062624 to Directory: c:\Lidar_Data\bkp\2021\09\22\RS_20210922_1709...
[lidar_transfer_manager.py:330:copy_files_to_folder]INFO: Files copied to c:\Lidar_Data\bkp\2021\09\22\RS_20210922_1709.
[lidar_transfer_manager.py:245:create_folder]INFO: Creating Directory y:\datos\VELETA\0a\2021\09\22\DC_20210922_1709...
[lidar_transfer_manager.py:257:create_folder]INFO: Directory Created y:\datos\VELETA\0a\2021\09\22\DC_20210922_1709.
[lidar_transfer_manager.py:245:create_folder]INFO: Creating Directory c:\Lidar_Data\bkp\2021\09\22\DC_20210922_1709...
[lidar_transfer_manager.py:257:create_folder]INFO: Directory Created c:\Lidar_Data\bkp\2021\09\22\DC_20210922_1709.
[lidar_transfer_manager.py:308:copy_files_to_folder]INFO: Copying Files C:\Lidar_Data\RAWS\DC02\R21C1616.195280 [...] C:\Lidar_Data\RAWS\DC02\R21C1616.285717 to Directory: y:\datos\VELETA\0a\2021\09\22\DC_20210922_1709...
[lidar_transfer_manager.py:330:copy_files_to_folder]INFO: Files copied to y:\datos\VELETA\0a\2021\09\22\DC_20210922_1709.
[lidar_transfer_manager.py:308:copy_files_to_folder]INFO: Copying Files C:\Lidar_Data\RAWS\DC02\R21C1616.195280 [...] C:\Lidar_Data\RAWS\DC02\R21C1616.285717 to Directory: c:\Lidar_Data\bkp\2021\09\22\DC_20210922_1709...
[lidar_transfer_manager.py:330:copy_files_to_folder]INFO: Files copied to c:\Lidar_Data\bkp\2021\09\22\DC_20210922_1709.
[lidar_transfer_manager.py:505:transfer_measurement]INFO: Measurement RS02 Finsihed. Proceed to Delete
[lidar_transfer_manager.py:274:delete_folder]INFO: Deleting Directory C:\Lidar_Data\RAWS\RS02...
[lidar_transfer_manager.py:285:delete_folder]INFO: Directory Deleted C:\Lidar_Data\RAWS\RS02.
[lidar_transfer_manager.py:508:transfer_measurement]INFO: DC RS02 Finsihed. Proceed to Delete
[lidar_transfer_manager.py:274:delete_folder]INFO: Deleting Directory C:\Lidar_Data\RAWS\DC02...
[lidar_transfer_manager.py:285:delete_folder]INFO: Directory Deleted C:\Lidar_Data\RAWS\DC02.
[lidar_transfer_manager.py:245:create_folder]INFO: Creating Directory y:\datos\VELETA\0a\2021\09\22\RS_20210922_2026...
[lidar_transfer_manager.py:257:create_folder]INFO: Directory Created y:\datos\VELETA\0a\2021\09\22\RS_20210922_2026.
[lidar_transfer_manager.py:245:create_folder]INFO: Creating Directory c:\Lidar_Data\bkp\2021\09\22\RS_20210922_2026...
[lidar_transfer_manager.py:257:create_folder]INFO: Directory Created c:\Lidar_Data\bkp\2021\09\22\RS_20210922_2026.
[lidar_transfer_manager.py:308:copy_files_to_folder]INFO: Copying Files C:\Lidar_Data\RAWS\RS03\datalog.dat [...] C:\Lidar_Data\RAWS\RS03\temp.dat to Directory: y:\datos\VELETA\0a\2021\09\22\RS_20210922_2026...
[lidar_transfer_manager.py:330:copy_files_to_folder]INFO: Files copied to y:\datos\VELETA\0a\2021\09\22\RS_20210922_2026.
[lidar_transfer_manager.py:308:copy_files_to_folder]INFO: Copying Files C:\Lidar_Data\RAWS\RS03\R2192220.261512 [...] C:\Lidar_Data\RAWS\RS03\R21B1909.441292 to Directory: y:\datos\VELETA\0a\2021\09\22\RS_20210922_2026...
