[lidar_transfer_manager.py:780:main]INFO: MULHACEN RAW TO 0A MANAGER
[lidar_transfer_manager.py:781:main]INFO: [20220221_101156] Start Main
[lidar_transfer_manager.py:383:transfer_measurement]INFO: [20220221_101156] Start Transfer. RS
[lidar_transfer_manager.py:245:create_folder]INFO: Creating Directory y:\datos\VELETA\0a\2021\09\22\RS_20210922_2026...
[lidar_transfer_manager.py:257:create_folder]INFO: Directory Created y:\datos\VELETA\0a\2021\09\22\RS_20210922_2026.
[lidar_transfer_manager.py:245:create_folder]INFO: Creating Directory c:\Lidar_Data\bkp\2021\09\22\RS_20210922_2026...
[lidar_transfer_manager.py:257:create_folder]INFO: Directory Created c:\Lidar_Data\bkp\2021\09\22\RS_20210922_2026.
[lidar_transfer_manager.py:308:copy_files_to_folder]INFO: Copying Files C:\Lidar_Data\RAWS\RS03\datalog.dat [...] C:\Lidar_Data\RAWS\RS03\temp.dat to Directory: y:\datos\VELETA\0a\2021\09\22\RS_20210922_2026...
[lidar_transfer_manager.py:330:copy_files_to_folder]INFO: Files copied to y:\datos\VELETA\0a\2021\09\22\RS_20210922_2026.
[lidar_transfer_manager.py:308:copy_files_to_folder]INFO: Copying Files C:\Lidar_Data\RAWS\RS03\R2192220.261512 [...] C:\Lidar_Data\RAWS\RS03\R21B1909.441292 to Directory: y:\datos\VELETA\0a\2021\09\22\RS_20210922_2026...
[lidar_transfer_manager.py:330:copy_files_to_folder]INFO: Files copied to y:\datos\VELETA\0a\2021\09\22\RS_20210922_2026.
[lidar_transfer_manager.py:308:copy_files_to_folder]INFO: Copying Files C:\Lidar_Data\RAWS\RS03\R2192220.261512 [...] C:\Lidar_Data\RAWS\RS03\R21B1909.441292 to Directory: c:\Lidar_Data\bkp\2021\09\22\RS_20210922_2026...
[lidar_transfer_manager.py:330:copy_files_to_folder]INFO: Files copied to c:\Lidar_Data\bkp\2021\09\22\RS_20210922_2026.
[lidar_transfer_manager.py:245:create_folder]INFO: Creating Directory y:\datos\VELETA\0a\2021\09\22\DC_20210922_2026...
[lidar_transfer_manager.py:257:create_folder]INFO: Directory Created y:\datos\VELETA\0a\2021\09\22\DC_20210922_2026.
[lidar_transfer_manager.py:245:create_folder]INFO: Creating Directory c:\Lidar_Data\bkp\2021\09\22\DC_20210922_2026...
[lidar_transfer_manager.py:257:create_folder]INFO: Directory Created c:\Lidar_Data\bkp\2021\09\22\DC_20210922_2026.
[lidar_transfer_manager.py:308:copy_files_to_folder]INFO: Copying Files C:\Lidar_Data\RAWS\DC03\R2192216.562331 [...] C:\Lidar_Data\RAWS\DC03\R2192217.052978 to Directory: y:\datos\VELETA\0a\2021\09\22\DC_20210922_2026...
[lidar_transfer_manager.py:330:copy_files_to_folder]INFO: Files copied to y:\datos\VELETA\0a\2021\09\22\DC_20210922_2026.
[lidar_transfer_manager.py:308:copy_files_to_folder]INFO: Copying Files C:\Lidar_Data\RAWS\DC03\R2192216.562331 [...] C:\Lidar_Data\RAWS\DC03\R2192217.052978 to Directory: c:\Lidar_Data\bkp\2021\09\22\DC_20210922_2026...
[lidar_transfer_manager.py:330:copy_files_to_folder]INFO: Files copied to c:\Lidar_Data\bkp\2021\09\22\DC_20210922_2026.
[lidar_transfer_manager.py:505:transfer_measurement]INFO: Measurement RS03 Finsihed. Proceed to Delete
[lidar_transfer_manager.py:274:delete_folder]INFO: Deleting Directory C:\Lidar_Data\RAWS\RS03...
[lidar_transfer_manager.py:285:delete_folder]INFO: Directory Deleted C:\Lidar_Data\RAWS\RS03.
[lidar_transfer_manager.py:508:transfer_measurement]INFO: DC RS03 Finsihed. Proceed to Delete
[lidar_transfer_manager.py:274:delete_folder]INFO: Deleting Directory C:\Lidar_Data\RAWS\DC03...
[lidar_transfer_manager.py:285:delete_folder]INFO: Directory Deleted C:\Lidar_Data\RAWS\DC03.
[lidar_transfer_manager.py:245:create_folder]INFO: Creating Directory y:\datos\VELETA\0a\2021\12\16\RS_20211216_1632...
[lidar_transfer_manager.py:257:create_folder]INFO: Directory Created y:\datos\VELETA\0a\2021\12\16\RS_20211216_1632.
[lidar_transfer_manager.py:245:create_folder]INFO: Creating Directory c:\Lidar_Data\bkp\2021\12\16\RS_20211216_1632...
[lidar_transfer_manager.py:257:create_folder]INFO: Directory Created c:\Lidar_Data\bkp\2021\12\16\RS_20211216_1632.
[lidar_transfer_manager.py:308:copy_files_to_folder]INFO: Copying Files C:\Lidar_Data\RAWS\RS04\datalog.dat [...] C:\Lidar_Data\RAWS\RS04\temp.dat to Directory: y:\datos\VELETA\0a\2021\12\16\RS_20211216_1632...
[lidar_transfer_manager.py:330:copy_files_to_folder]INFO: Files copied to y:\datos\VELETA\0a\2021\12\16\RS_20211216_1632.
[lidar_transfer_manager.py:308:copy_files_to_folder]INFO: Copying Files C:\Lidar_Data\RAWS\RS04\R21C1616.321345 [...] C:\Lidar_Data\RAWS\RS04\R21C1616.522544 to Directory: y:\datos\VELETA\0a\2021\12\16\RS_20211216_1632...
[lidar_transfer_manager.py:330:copy_files_to_folder]INFO: Files copied to y:\datos\VELETA\0a\2021\12\16\RS_20211216_1632.
[lidar_transfer_manager.py:308:copy_files_to_folder]INFO: Copying Files C:\Lidar_Data\RAWS\RS04\R21C1616.321345 [...] C:\Lidar_Data\RAWS\RS04\R21C1616.522544 to Directory: c:\Lidar_Data\bkp\2021\12\16\RS_20211216_1632...
[lidar_transfer_manager.py:330:copy_files_to_folder]INFO: Files copied to c:\Lidar_Data\bkp\2021\12\16\RS_20211216_1632.
[lidar_transfer_manager.py:245:create_folder]INFO: Creating Directory y:\datos\VELETA\0a\2021\12\16\DC_20211216_1632...
[lidar_transfer_manager.py:257:create_folder]INFO: Directory Created y:\datos\VELETA\0a\2021\12\16\DC_20211216_1632.
[lidar_transfer_manager.py:245:create_folder]INFO: Creating Directory c:\Lidar_Data\bkp\2021\12\16\DC_20211216_1632...
[lidar_transfer_manager.py:257:create_folder]INFO: Directory Created c:\Lidar_Data\bkp\2021\12\16\DC_20211216_1632.
[lidar_transfer_manager.py:308:copy_files_to_folder]INFO: Copying Files C:\Lidar_Data\RAWS\DC04\R21C1616.195280 [...] C:\Lidar_Data\RAWS\DC04\R21C1616.285717 to Directory: y:\datos\VELETA\0a\2021\12\16\DC_20211216_1632...
[lidar_transfer_manager.py:330:copy_files_to_folder]INFO: Files copied to y:\datos\VELETA\0a\2021\12\16\DC_20211216_1632.
[lidar_transfer_manager.py:308:copy_files_to_folder]INFO: Copying Files C:\Lidar_Data\RAWS\DC04\R21C1616.195280 [...] C:\Lidar_Data\RAWS\DC04\R21C1616.285717 to Directory: c:\Lidar_Data\bkp\2021\12\16\DC_20211216_1632...
[lidar_transfer_manager.py:330:copy_files_to_folder]INFO: Files copied to c:\Lidar_Data\bkp\2021\12\16\DC_20211216_1632.
[lidar_transfer_manager.py:505:transfer_measurement]INFO: Measurement RS04 Finsihed. Proceed to Delete
[lidar_transfer_manager.py:274:delete_folder]INFO: Deleting Directory C:\Lidar_Data\RAWS\RS04...
[lidar_transfer_manager.py:285:delete_folder]INFO: Directory Deleted C:\Lidar_Data\RAWS\RS04.
[lidar_transfer_manager.py:508:transfer_measurement]INFO: DC RS04 Finsihed. Proceed to Delete
[lidar_transfer_manager.py:274:delete_folder]INFO: Deleting Directory C:\Lidar_Data\RAWS\DC04...
[lidar_transfer_manager.py:285:delete_folder]INFO: Directory Deleted C:\Lidar_Data\RAWS\DC04.
[lidar_transfer_manager.py:245:create_folder]INFO: Creating Directory y:\datos\VELETA\0a\2021\12\16\RS_20211216_1709...
[lidar_transfer_manager.py:257:create_folder]INFO: Directory Created y:\datos\VELETA\0a\2021\12\16\RS_20211216_1709.
[lidar_transfer_manager.py:245:create_folder]INFO: Creating Directory c:\Lidar_Data\bkp\2021\12\16\RS_20211216_1709...
[lidar_transfer_manager.py:257:create_folder]INFO: Directory Created c:\Lidar_Data\bkp\2021\12\16\RS_20211216_1709.
[lidar_transfer_manager.py:308:copy_files_to_folder]INFO: Copying Files C:\Lidar_Data\RAWS\RS05\datalog.dat [...] C:\Lidar_Data\RAWS\RS05\temp.dat to Directory: y:\datos\VELETA\0a\2021\12\16\RS_20211216_1709...
[lidar_transfer_manager.py:330:copy_files_to_folder]INFO: Files copied to y:\datos\VELETA\0a\2021\12\16\RS_20211216_1709.
[lidar_transfer_manager.py:308:copy_files_to_folder]INFO: Copying Files C:\Lidar_Data\RAWS\RS05\R21C1617.091759 [...] C:\Lidar_Data\RAWS\RS05\R21C1620.301983 to Directory: y:\datos\VELETA\0a\2021\12\16\RS_20211216_1709...
